[0m2021-05-25 09:23:43 V/Net 692928873: No BdhSession cache[0m
[0m2021-05-25 09:23:43 V/Net 692928873: No server list cached.[0m
[92m2021-05-25 09:23:43 I/Net 692928873: Connected to server 183.232.94.44:80[0m
[0m2021-05-25 09:23:44 V/Net 692928873: Send: wtlogin.login[0m
[0m2021-05-25 09:23:45 V/Net 692928873: Recv: LoginPacketResponse.Success[0m
[92m2021-05-25 09:23:45 I/Net 692928873: Login successful[0m
[0m2021-05-25 09:23:45 V/Net 692928873: Send: StatSvc.register[0m
[92m2021-05-25 09:23:45 I/Net 692928873: Saved account secrets to local cache for fast login.[0m
[0m2021-05-25 09:23:45 V/Net 692928873: Recv: Response(StatSvc.register)[0m
[92m2021-05-25 09:23:45 I/Net 692928873: Awaiting ConfigPushSvc.PushReq.[0m
[92m2021-05-25 09:23:45 I/Net 692928873: Syncing friend message history...[0m
[0m2021-05-25 09:23:46 V/Net 692928873: Send: StatSvc.GetDevLoginInfo[0m
[92m2021-05-25 09:23:46 I/Net 692928873: Start loading stranger list...[0m
[92m2021-05-25 09:23:46 I/Net 692928873: Start loading friend list...[0m
[0m2021-05-25 09:23:46 V/Net 692928873: Recv: StatSvc.GetDevLoginInfo.Response(deviceList.size=1)[0m
[0m2021-05-25 09:23:46 V/Net 692928873: Send: MessageSvc.PbGetMsg[0m
[0m2021-05-25 09:23:46 V/Net 692928873: Send: OidbSvc.0x496[0m
[92m2021-05-25 09:23:46 I/Net 692928873: Syncing friend message history: Success.[0m
[0m2021-05-25 09:23:46 V/Net 692928873: Recv: TroopManagement.GetTroopConfig.Response(true)[0m
[92m2021-05-25 09:23:46 I/Net 692928873: Start loading group list...[0m
[0m2021-05-25 09:23:46 V/Net 692928873: Send: OidbSvc.0x5d2_0[0m
[0m2021-05-25 09:23:47 V/Net 692928873: Recv: StrangerList.GetStrangerList.Response(result=0)[0m
[92m2021-05-25 09:23:47 I/Net 692928873: Successfully loaded stranger list: 0 in total[0m
[0m2021-05-25 09:23:47 V/Net 692928873: Send: friendlist.getFriendGroupList[0m
[0m2021-05-25 09:23:47 V/Net 692928873: Recv: FriendList.GetFriendGroupList.Response[0m
[0m2021-05-25 09:23:47 V/Net 692928873: Send: friendlist.GetTroopListReqV2[0m
[0m2021-05-25 09:23:47 V/Net 692928873: Loading friend list: 4/4[0m
[92m2021-05-25 09:23:48 I/Net 692928873: Successfully loaded friend list: 4 in total[0m
[0m2021-05-25 09:23:48 V/Net 692928873: Recv: FriendList.GetFriendGroupList.Response[0m
[0m2021-05-25 09:23:48 V/Net 692928873: Send: friendlist.GetTroopMemberListReq[0m
[0m2021-05-25 09:23:48 V/Net 692928873: Recv: FriendList.GetTroopMemberList.Response[0m
[0m2021-05-25 09:23:48 V/Net 692928873: Send: friendlist.GetTroopMemberListReq[0m
[0m2021-05-25 09:23:48 V/Net 692928873: Recv: FriendList.GetTroopMemberList.Response[0m
[92m2021-05-25 09:23:48 I/Net 692928873: Successfully loaded group list: 2 in total.[0m
[92m2021-05-25 09:23:48 I/Net 692928873: Scheduled key refresh in 23h 55min 0.0s.[0m
[92m2021-05-25 09:23:48 I/Net 692928873: Scheduled refresh login session in 19d 23h 55min 0.0s.[0m
[96m2021-05-25 09:23:48 D/Net 692928873: Received unknown commandName: ConfigPushSvc.PushDomain[0m
[0m2021-05-25 09:23:48 V/Net 692928873: Recv: ConfigPushSvc.PushReq.PushReqResponse.ServerListPush[0m
[0m2021-05-25 09:23:48 V/Net 692928873: Recv: ConfigPushSvc.PushReq.PushReqResponse.ConfigPush[0m
[92m2021-05-25 09:23:48 I/Net 692928873: Server list updated.[0m
[92m2021-05-25 09:23:48 I/Net 692928873: Server list: 14.22.5.202:14000, 114.221.151.172:443, 14.22.3.122:8080, 42.81.169.46:443, 180.109.156.246:80, 125.94.60.175:14000, 42.81.172.147:443, 114.221.148.210:8080, msfwifi.3g.qq.com:8080, 42.81.172.207:80.[0m
[0m2021-05-25 09:23:48 V/Net 692928873: No BdhSession to save to cache[0m
[0m2021-05-25 09:23:48 V/Net 692928873: Saving server list to cache[0m
[0m2021-05-25 09:23:49 V/Net 692928873: Saving bdh session to cache[0m
[0m2021-05-25 09:23:49 V/Net 692928873: Send: ConfigPushSvc.PushResp[0m
[92m2021-05-25 09:23:49 I/Net 692928873: ConfigPushSvc.PushReq: Server updated.[0m
[0m2021-05-25 09:23:49 V/Net 692928873: Send: ConfigPushSvc.PushResp[0m
[0m2021-05-25 09:24:45 V/Net 692928873: Send: Heartbeat.Alive[0m
[0m2021-05-25 09:24:46 V/Net 692928873: Recv: Heartbeat.Alive.Response[0m
[0m2021-05-25 09:27:43 V/Net 692928873: Loading BdhSession from cache file[0m
[0m2021-05-25 09:27:43 V/Net 692928873: Loading server list from cache.[0m
[92m2021-05-25 09:27:45 I/Net 692928873: Connected to server 14.22.3.122:8080[0m
[0m2021-05-25 09:27:45 V/Net 692928873: Send: wtlogin.exchange_emp[0m
[0m2021-05-25 09:27:46 V/Net 692928873: Recv: LoginPacketResponse.Success[0m
[0m2021-05-25 09:27:46 V/Net 692928873: Send: StatSvc.register[0m
[92m2021-05-25 09:27:46 I/Net 692928873: Saved account secrets to local cache for fast login.[0m
[0m2021-05-25 09:27:46 V/Net 692928873: Recv: Response(StatSvc.register)[0m
[92m2021-05-25 09:27:46 I/Net 692928873: Awaiting ConfigPushSvc.PushReq.[0m
[92m2021-05-25 09:27:46 I/Net 692928873: Start loading stranger list...[0m
[92m2021-05-25 09:27:46 I/Net 692928873: Syncing friend message history...[0m
[0m2021-05-25 09:27:46 V/Net 692928873: Send: StatSvc.GetDevLoginInfo[0m
[92m2021-05-25 09:27:46 I/Net 692928873: Start loading friend list...[0m
[0m2021-05-25 09:27:46 V/Net 692928873: Recv: StatSvc.GetDevLoginInfo.Response(deviceList.size=1)[0m
[0m2021-05-25 09:27:46 V/Net 692928873: Send: MessageSvc.PbGetMsg[0m
[0m2021-05-25 09:27:47 V/Net 692928873: Send: OidbSvc.0x496[0m
[92m2021-05-25 09:27:47 I/Net 692928873: Syncing friend message history: Success.[0m
[0m2021-05-25 09:27:47 V/Net 692928873: Recv: TroopManagement.GetTroopConfig.Response(true)[0m
[92m2021-05-25 09:27:47 I/Net 692928873: Start loading group list...[0m
[0m2021-05-25 09:27:47 V/Net 692928873: Send: OidbSvc.0x5d2_0[0m
[0m2021-05-25 09:27:47 V/Net 692928873: Recv: StrangerList.GetStrangerList.Response(result=0)[0m
[92m2021-05-25 09:27:47 I/Net 692928873: Successfully loaded stranger list: 0 in total[0m
[0m2021-05-25 09:27:47 V/Net 692928873: Send: friendlist.getFriendGroupList[0m
[0m2021-05-25 09:27:47 V/Net 692928873: Recv: FriendList.GetFriendGroupList.Response[0m
[0m2021-05-25 09:27:47 V/Net 692928873: Loading friend list: 4/4[0m
[92m2021-05-25 09:27:47 I/Net 692928873: Successfully loaded friend list: 4 in total[0m
[0m2021-05-25 09:27:47 V/Net 692928873: Send: friendlist.GetTroopListReqV2[0m
[0m2021-05-25 09:27:47 V/Net 692928873: Recv: FriendList.GetFriendGroupList.Response[0m
[0m2021-05-25 09:27:47 V/Net 692928873: Send: friendlist.GetTroopMemberListReq[0m
[0m2021-05-25 09:27:47 V/Net 692928873: Recv: FriendList.GetTroopMemberList.Response[0m
[0m2021-05-25 09:27:47 V/Net 692928873: Send: friendlist.GetTroopMemberListReq[0m
[0m2021-05-25 09:27:48 V/Net 692928873: Recv: FriendList.GetTroopMemberList.Response[0m
[92m2021-05-25 09:27:48 I/Net 692928873: Successfully loaded group list: 2 in total.[0m
[92m2021-05-25 09:27:48 I/Net 692928873: Scheduled refresh login session in 19d 23h 55min 0.0s.[0m
[92m2021-05-25 09:27:48 I/Net 692928873: Scheduled key refresh in 23h 55min 0.0s.[0m
[96m2021-05-25 09:27:49 D/Net 692928873: Received unknown commandName: ConfigPushSvc.PushDomain[0m
[0m2021-05-25 09:27:49 V/Net 692928873: Recv: ConfigPushSvc.PushReq.PushReqResponse.ConfigPush[0m
[0m2021-05-25 09:27:49 V/Net 692928873: Saving bdh session to cache[0m
[0m2021-05-25 09:27:49 V/Net 692928873: Send: ConfigPushSvc.PushResp[0m
[92m2021-05-25 09:27:49 I/Net 692928873: ConfigPushSvc.PushReq: Config updated.[0m
[0m2021-05-25 09:38:05 V/Net 692928873: Loading BdhSession from cache file[0m
[0m2021-05-25 09:38:05 V/Net 692928873: Loading server list from cache.[0m
[92m2021-05-25 09:38:06 I/Net 692928873: Connected to server 14.22.3.122:8080[0m
[0m2021-05-25 09:38:06 V/Net 692928873: Send: wtlogin.exchange_emp[0m
[0m2021-05-25 09:38:07 V/Net 692928873: Recv: LoginPacketResponse.Success[0m
[92m2021-05-25 09:38:07 I/Net 692928873: Saved account secrets to local cache for fast login.[0m
[0m2021-05-25 09:38:07 V/Net 692928873: Send: StatSvc.register[0m
[0m2021-05-25 09:38:07 V/Net 692928873: Recv: Response(StatSvc.register)[0m
[92m2021-05-25 09:38:07 I/Net 692928873: Awaiting ConfigPushSvc.PushReq.[0m
[92m2021-05-25 09:38:07 I/Net 692928873: Syncing friend message history...[0m
[92m2021-05-25 09:38:07 I/Net 692928873: Start loading stranger list...[0m
[0m2021-05-25 09:38:07 V/Net 692928873: Send: MessageSvc.PbGetMsg[0m
[92m2021-05-25 09:38:07 I/Net 692928873: Start loading friend list...[0m
[92m2021-05-25 09:38:07 I/Net 692928873: Syncing friend message history: Success.[0m
[0m2021-05-25 09:38:07 V/Net 692928873: Send: StatSvc.GetDevLoginInfo[0m
[0m2021-05-25 09:38:07 V/Net 692928873: Recv: StatSvc.GetDevLoginInfo.Response(deviceList.size=1)[0m
[0m2021-05-25 09:38:07 V/Net 692928873: Send: OidbSvc.0x5d2_0[0m
[0m2021-05-25 09:38:07 V/Net 692928873: Recv: StrangerList.GetStrangerList.Response(result=0)[0m
[92m2021-05-25 09:38:07 I/Net 692928873: Successfully loaded stranger list: 0 in total[0m
[0m2021-05-25 09:38:07 V/Net 692928873: Send: OidbSvc.0x496[0m
[0m2021-05-25 09:38:07 V/Net 692928873: Recv: TroopManagement.GetTroopConfig.Response(true)[0m
[92m2021-05-25 09:38:07 I/Net 692928873: Start loading group list...[0m
[0m2021-05-25 09:38:07 V/Net 692928873: Send: friendlist.getFriendGroupList[0m
[0m2021-05-25 09:38:07 V/Net 692928873: Recv: FriendList.GetFriendGroupList.Response[0m
[0m2021-05-25 09:38:07 V/Net 692928873: Loading friend list: 4/4[0m
[92m2021-05-25 09:38:07 I/Net 692928873: Successfully loaded friend list: 4 in total[0m
[0m2021-05-25 09:38:07 V/Net 692928873: Send: friendlist.GetTroopListReqV2[0m
[0m2021-05-25 09:38:08 V/Net 692928873: Recv: FriendList.GetFriendGroupList.Response[0m
[0m2021-05-25 09:38:08 V/Net 692928873: Send: friendlist.GetTroopMemberListReq[0m
[0m2021-05-25 09:38:08 V/Net 692928873: Recv: FriendList.GetTroopMemberList.Response[0m
[0m2021-05-25 09:38:08 V/Net 692928873: Send: friendlist.GetTroopMemberListReq[0m
[0m2021-05-25 09:38:08 V/Net 692928873: Recv: FriendList.GetTroopMemberList.Response[0m
[92m2021-05-25 09:38:08 I/Net 692928873: Successfully loaded group list: 2 in total.[0m
[92m2021-05-25 09:38:08 I/Net 692928873: Scheduled key refresh in 23h 55min 0.0s.[0m
[92m2021-05-25 09:38:08 I/Net 692928873: Scheduled refresh login session in 19d 23h 55min 0.0s.[0m
[96m2021-05-25 09:38:11 D/Net 692928873: Received unknown commandName: ConfigPushSvc.PushDomain[0m
[0m2021-05-25 09:38:11 V/Net 692928873: Recv: ConfigPushSvc.PushReq.PushReqResponse.ConfigPush[0m
[0m2021-05-25 09:38:11 V/Net 692928873: Saving bdh session to cache[0m
[0m2021-05-25 09:38:11 V/Net 692928873: Send: ConfigPushSvc.PushResp[0m
[92m2021-05-25 09:38:11 I/Net 692928873: ConfigPushSvc.PushReq: Config updated.[0m
[0m2021-05-25 09:38:35 V/Net 692928873: Send: PbMessageSvc.PbMsgWithDraw[0m
[0m2021-05-25 09:38:36 V/Net 692928873: Recv: PbMessageSvc.PbMsgWithDraw.Response.Success[0m
[0m2021-05-25 09:38:36 V/Net 692928873: Send: MessageSvc.PbSendMsg[0m
[0m2021-05-25 09:38:36 V/Net 692928873: Recv: MessageSvcPbSendMsg.Response.SUCCESS[0m
[0m2021-05-25 09:38:36 V/Net 692928873: Recv: RequestPushNotify(uin=692928873, ctype=1, strService=MessageSvc, strCmd=PushNotify, usMsgType=166, stMsgInfo=net.mamoe.mirai.internal.network.protocol.data.jce.MsgInfo@64425257)[0m
[0m2021-05-25 09:38:36 V/Net 692928873: Send: MessageSvc.PbGetMsg[0m
[0m2021-05-25 09:38:36 V/Net 692928873: Send: OnlinePush.RespPush[0m
[0m2021-05-25 09:38:36 V/Net 692928873: Send: MessageSvc.PbDeleteMsg[0m
[0m2021-05-25 09:38:44 V/Net 692928873: Send: OnlinePush.RespPush[0m
[0m2021-05-25 09:39:07 V/Net 692928873: Send: PbMessageSvc.PbMsgWithDraw[0m
[0m2021-05-25 09:39:07 V/Net 692928873: Recv: PbMessageSvc.PbMsgWithDraw.Response.Success[0m
[0m2021-05-25 09:39:07 V/Net 692928873: Send: Heartbeat.Alive[0m
[0m2021-05-25 09:39:08 V/Net 692928873: Recv: Heartbeat.Alive.Response[0m
[0m2021-05-25 09:39:08 V/Net 692928873: Send: OnlinePush.RespPush[0m
[0m2021-05-25 09:39:08 V/Net 692928873: Send: MessageSvc.PbSendMsg[0m
[0m2021-05-25 09:39:08 V/Net 692928873: Recv: RequestPushNotify(uin=692928873, ctype=1, strService=MessageSvc, strCmd=PushNotify, usMsgType=166, stMsgInfo=net.mamoe.mirai.internal.network.protocol.data.jce.MsgInfo@4adbd965)[0m
[0m2021-05-25 09:39:08 V/Net 692928873: Send: MessageSvc.PbGetMsg[0m
[0m2021-05-25 09:39:08 V/Net 692928873: Recv: MessageSvcPbSendMsg.Response.SUCCESS[0m
[0m2021-05-25 09:39:08 V/Net 692928873: Send: MessageSvc.PbDeleteMsg[0m
[0m2021-05-25 09:39:15 V/Net 692928873: Send: OnlinePush.RespPush[0m
[0m2021-05-25 09:40:08 V/Net 692928873: Send: Heartbeat.Alive[0m
[0m2021-05-25 09:40:10 V/Net 692928873: Recv: Heartbeat.Alive.Response[0m
[0m2021-05-25 09:41:10 V/Net 692928873: Send: Heartbeat.Alive[0m
[0m2021-05-25 09:41:11 V/Net 692928873: Recv: Heartbeat.Alive.Response[0m
[0m2021-05-25 09:42:11 V/Net 692928873: Send: Heartbeat.Alive[0m
[0m2021-05-25 09:42:16 V/Net 692928873: Send: Heartbeat.Alive[0m
[0m2021-05-25 09:42:18 V/Net 692928873: Recv: Heartbeat.Alive.Response[0m
[0m2021-05-25 09:42:18 V/Net 692928873: Recv: Heartbeat.Alive.Response[0m
[0m2021-05-25 09:42:37 V/Net 692928873: Send: StatSvc.SimpleGet[0m
[0m2021-05-25 09:42:37 V/Net 692928873: Recv: Response(SimpleGet.Response)[0m
[0m2021-05-25 09:43:18 V/Net 692928873: Send: Heartbeat.Alive[0m
[0m2021-05-25 09:43:18 V/Net 692928873: Recv: Heartbeat.Alive.Response[0m
[0m2021-05-25 16:38:17 V/Net 692928873: Loading BdhSession from cache file[0m
[0m2021-05-25 16:38:17 V/Net 692928873: Loading server list from cache.[0m
[92m2021-05-25 16:38:17 I/Net 692928873: Connected to server 14.22.3.122:8080[0m
[0m2021-05-25 16:38:18 V/Net 692928873: Send: wtlogin.exchange_emp[0m
[0m2021-05-25 16:38:18 V/Net 692928873: Recv: LoginPacketResponse.Success[0m
[0m2021-05-25 16:38:18 V/Net 692928873: Send: StatSvc.register[0m
[92m2021-05-25 16:38:18 I/Net 692928873: Saved account secrets to local cache for fast login.[0m
[0m2021-05-25 16:38:18 V/Net 692928873: Recv: Response(StatSvc.register)[0m
[92m2021-05-25 16:38:18 I/Net 692928873: Awaiting ConfigPushSvc.PushReq.[0m
[92m2021-05-25 16:38:18 I/Net 692928873: Syncing friend message history...[0m
[92m2021-05-25 16:38:18 I/Net 692928873: Start loading stranger list...[0m
[0m2021-05-25 16:38:18 V/Net 692928873: Send: StatSvc.GetDevLoginInfo[0m
[92m2021-05-25 16:38:18 I/Net 692928873: Start loading friend list...[0m
[0m2021-05-25 16:38:18 V/Net 692928873: Channel closed.[0m
[0m2021-05-25 16:38:18 V/Net 692928873: Loading BdhSession from cache file[0m
[92m2021-05-25 16:38:18 I/Net 692928873: Connected to server 42.81.169.46:443[0m
[0m2021-05-25 16:38:18 V/Net 692928873: Send: wtlogin.login[0m
[0m2021-05-25 16:38:19 V/Net 692928873: Recv: LoginPacketResponse.Success[0m
[92m2021-05-25 16:38:19 I/Net 692928873: Saved account secrets to local cache for fast login.[0m
[92m2021-05-25 16:38:19 I/Net 692928873: Login successful[0m
[0m2021-05-25 16:38:19 V/Net 692928873: Send: StatSvc.register[0m
[0m2021-05-25 16:38:19 V/Net 692928873: Recv: Response(StatSvc.register)[0m
[92m2021-05-25 16:38:19 I/Net 692928873: Scheduled refresh login session in 19d 23h 55min 0.0s.[0m
[92m2021-05-25 16:38:19 I/Net 692928873: Scheduled key refresh in 23h 55min 0.0s.[0m
[92m2021-05-25 16:38:19 I/Net 692928873: Syncing friend message history...[0m
[0m2021-05-25 16:38:19 V/Net 692928873: Send: MessageSvc.PbGetMsg[0m
[0m2021-05-25 16:38:19 V/Net 692928873: Send: MessageSvc.PbDeleteMsg[0m
[92m2021-05-25 16:38:19 I/Net 692928873: Syncing friend message history: Success.[0m
[0m2021-05-25 16:38:22 V/Net 692928873: Recv: ConfigPushSvc.PushReq.PushReqResponse.ServerListPush[0m
[92m2021-05-25 16:38:22 I/Net 692928873: Server list updated.[0m
[96m2021-05-25 16:38:22 D/Net 692928873: Received unknown commandName: ConfigPushSvc.PushDomain[0m
[0m2021-05-25 16:38:22 V/Net 692928873: Recv: ConfigPushSvc.PushReq.PushReqResponse.ConfigPush[0m
[92m2021-05-25 16:38:22 I/Net 692928873: Server list: 113.96.13.87:443, 114.221.148.233:443, 14.22.3.122:8080, 42.81.192.232:443, 114.221.148.67:80, 113.96.12.224:14000, 42.81.172.147:443, 180.109.156.44:8080, msfwifi.3g.qq.com:8080, 42.81.184.101:80.[0m
[0m2021-05-25 16:38:22 V/Net 692928873: Saving bdh session to cache[0m
[0m2021-05-25 16:38:22 V/Net 692928873: Saving server list to cache[0m
[0m2021-05-25 16:38:22 V/Net 692928873: Send: ConfigPushSvc.PushResp[0m
[0m2021-05-25 16:38:22 V/Net 692928873: Saving bdh session to cache[0m
[0m2021-05-25 16:38:22 V/Net 692928873: Send: ConfigPushSvc.PushResp[0m
[0m2021-05-25 16:39:01 V/Net 692928873: Loading BdhSession from cache file[0m
[0m2021-05-25 16:39:01 V/Net 692928873: Loading server list from cache.[0m
[92m2021-05-25 16:39:01 I/Net 692928873: Connected to server 42.81.172.147:443[0m
[0m2021-05-25 16:39:01 V/Net 692928873: Send: wtlogin.exchange_emp[0m
[0m2021-05-25 16:39:01 V/Net 692928873: Recv: LoginPacketResponse.Success[0m
[92m2021-05-25 16:39:01 I/Net 692928873: Saved account secrets to local cache for fast login.[0m
[0m2021-05-25 16:39:01 V/Net 692928873: Send: StatSvc.register[0m
[0m2021-05-25 16:39:01 V/Net 692928873: Recv: Response(StatSvc.register)[0m
[92m2021-05-25 16:39:01 I/Net 692928873: Awaiting ConfigPushSvc.PushReq.[0m
[92m2021-05-25 16:39:01 I/Net 692928873: Syncing friend message history...[0m
[92m2021-05-25 16:39:01 I/Net 692928873: Start loading stranger list...[0m
[0m2021-05-25 16:39:01 V/Net 692928873: Send: MessageSvc.PbGetMsg[0m
[92m2021-05-25 16:39:01 I/Net 692928873: Start loading friend list...[0m
[0m2021-05-25 16:39:02 V/Net 692928873: Send: MessageSvc.PbDeleteMsg[0m
[0m2021-05-25 16:39:02 V/Net 692928873: Send: StatSvc.GetDevLoginInfo[0m
[92m2021-05-25 16:39:02 I/Net 692928873: Syncing friend message history: Success.[0m
[0m2021-05-25 16:39:02 V/Net 692928873: Recv: StatSvc.GetDevLoginInfo.Response(deviceList.size=1)[0m
[0m2021-05-25 16:39:02 V/Net 692928873: Send: OidbSvc.0x5d2_0[0m
[0m2021-05-25 16:39:02 V/Net 692928873: Recv: StrangerList.GetStrangerList.Response(result=0)[0m
[92m2021-05-25 16:39:02 I/Net 692928873: Successfully loaded stranger list: 0 in total[0m
[0m2021-05-25 16:39:02 V/Net 692928873: Send: OidbSvc.0x496[0m
[0m2021-05-25 16:39:02 V/Net 692928873: Recv: TroopManagement.GetTroopConfig.Response(true)[0m
[92m2021-05-25 16:39:02 I/Net 692928873: Start loading group list...[0m
[0m2021-05-25 16:39:02 V/Net 692928873: Send: friendlist.getFriendGroupList[0m
[0m2021-05-25 16:39:02 V/Net 692928873: Recv: FriendList.GetFriendGroupList.Response[0m
[0m2021-05-25 16:39:02 V/Net 692928873: Loading friend list: 4/4[0m
[92m2021-05-25 16:39:02 I/Net 692928873: Successfully loaded friend list: 4 in total[0m
[0m2021-05-25 16:39:02 V/Net 692928873: Send: friendlist.GetTroopListReqV2[0m
[0m2021-05-25 16:39:03 V/Net 692928873: Recv: FriendList.GetFriendGroupList.Response[0m
[0m2021-05-25 16:39:03 V/Net 692928873: Send: friendlist.GetTroopMemberListReq[0m
[0m2021-05-25 16:39:03 V/Net 692928873: Recv: FriendList.GetTroopMemberList.Response[0m
[0m2021-05-25 16:39:03 V/Net 692928873: Send: friendlist.GetTroopMemberListReq[0m
[0m2021-05-25 16:39:03 V/Net 692928873: Recv: FriendList.GetTroopMemberList.Response[0m
[92m2021-05-25 16:39:03 I/Net 692928873: Successfully loaded group list: 2 in total.[0m
[92m2021-05-25 16:39:03 I/Net 692928873: Scheduled refresh login session in 19d 23h 55min 0.0s.[0m
[92m2021-05-25 16:39:03 I/Net 692928873: Scheduled key refresh in 23h 55min 0.0s.[0m
[96m2021-05-25 16:39:04 D/Net 692928873: Received unknown commandName: ConfigPushSvc.PushDomain[0m
[0m2021-05-25 16:39:04 V/Net 692928873: Recv: ConfigPushSvc.PushReq.PushReqResponse.ConfigPush[0m
[0m2021-05-25 16:39:04 V/Net 692928873: Saving bdh session to cache[0m
[0m2021-05-25 16:39:04 V/Net 692928873: Send: ConfigPushSvc.PushResp[0m
[92m2021-05-25 16:39:04 I/Net 692928873: ConfigPushSvc.PushReq: Config updated.[0m
[0m2021-05-25 16:40:01 V/Net 692928873: Send: Heartbeat.Alive[0m
[0m2021-05-25 16:40:01 V/Net 692928873: Recv: Heartbeat.Alive.Response[0m
[0m2021-05-25 16:40:25 V/Net 692928873: Send: PbMessageSvc.PbMsgWithDraw[0m
[0m2021-05-25 16:40:25 V/Net 692928873: Recv: PbMessageSvc.PbMsgWithDraw.Response.Success[0m
[0m2021-05-25 16:40:25 V/Net 692928873: Send: MessageSvc.PbSendMsg[0m
[0m2021-05-25 16:40:25 V/Net 692928873: Send: OnlinePush.RespPush[0m
[0m2021-05-25 16:40:26 V/Net 692928873: Recv: RequestPushNotify(uin=692928873, ctype=1, strService=MessageSvc, strCmd=PushNotify, usMsgType=166, stMsgInfo=net.mamoe.mirai.internal.network.protocol.data.jce.MsgInfo@7466655a)[0m
[0m2021-05-25 16:40:26 V/Net 692928873: Send: MessageSvc.PbGetMsg[0m
[0m2021-05-25 16:40:26 V/Net 692928873: Recv: MessageSvcPbSendMsg.Response.SUCCESS[0m
[0m2021-05-25 16:40:26 V/Net 692928873: Send: MessageSvc.PbDeleteMsg[0m
[0m2021-05-25 16:40:34 V/Net 692928873: Send: OnlinePush.RespPush[0m
[0m2021-05-25 16:40:35 V/Net 692928873: Send: MessageSvc.PbSendMsg[0m
[0m2021-05-25 16:40:35 V/Net 692928873: Recv: RequestPushNotify(uin=692928873, ctype=1, strService=MessageSvc, strCmd=PushNotify, usMsgType=166, stMsgInfo=net.mamoe.mirai.internal.network.protocol.data.jce.MsgInfo@6316566e)[0m
[0m2021-05-25 16:40:35 V/Net 692928873: Send: MessageSvc.PbGetMsg[0m
[0m2021-05-25 16:40:35 V/Net 692928873: Recv: MessageSvcPbSendMsg.Response.SUCCESS[0m
[0m2021-05-25 16:40:35 V/Net 692928873: Send: PbMessageSvc.PbMsgWithDraw[0m
[0m2021-05-25 16:40:35 V/Net 692928873: Send: MessageSvc.PbDeleteMsg[0m
[0m2021-05-25 16:40:35 V/Net 692928873: Recv: PbMessageSvc.PbMsgWithDraw.Response.Success[0m
[0m2021-05-25 16:40:35 V/Net 692928873: Send: OnlinePush.RespPush[0m
[0m2021-05-25 16:40:35 V/Net 692928873: Send: MessageSvc.PbSendMsg[0m
[0m2021-05-25 16:40:36 V/Net 692928873: Recv: RequestPushNotify(uin=692928873, ctype=1, strService=MessageSvc, strCmd=PushNotify, usMsgType=166, stMsgInfo=net.mamoe.mirai.internal.network.protocol.data.jce.MsgInfo@7001d611)[0m
[0m2021-05-25 16:40:36 V/Net 692928873: Send: MessageSvc.PbGetMsg[0m
[0m2021-05-25 16:40:36 V/Net 692928873: Recv: MessageSvcPbSendMsg.Response.SUCCESS[0m
[0m2021-05-25 16:40:36 V/Net 692928873: Send: MessageSvc.PbSendMsg[0m
[0m2021-05-25 16:40:36 V/Net 692928873: Send: MessageSvc.PbDeleteMsg[0m
[0m2021-05-25 16:40:36 V/Net 692928873: Recv: MessageSvcPbSendMsg.Response.SUCCESS[0m
[0m2021-05-25 16:40:36 V/Net 692928873: Recv: RequestPushNotify(uin=692928873, ctype=1, strService=MessageSvc, strCmd=PushNotify, usMsgType=166, stMsgInfo=net.mamoe.mirai.internal.network.protocol.data.jce.MsgInfo@30b01842)[0m
[0m2021-05-25 16:40:36 V/Net 692928873: Send: MessageSvc.PbGetMsg[0m
[0m2021-05-25 16:40:36 V/Net 692928873: Send: PbMessageSvc.PbMsgWithDraw[0m
[0m2021-05-25 16:40:36 V/Net 692928873: Send: MessageSvc.PbDeleteMsg[0m
[0m2021-05-25 16:40:37 V/Net 692928873: Recv: PbMessageSvc.PbMsgWithDraw.Response.Success[0m
[0m2021-05-25 16:40:37 V/Net 692928873: Send: MessageSvc.PbSendMsg[0m
[0m2021-05-25 16:40:37 V/Net 692928873: Send: OnlinePush.RespPush[0m
[0m2021-05-25 16:40:37 V/Net 692928873: Recv: RequestPushNotify(uin=692928873, ctype=1, strService=MessageSvc, strCmd=PushNotify, usMsgType=166, stMsgInfo=net.mamoe.mirai.internal.network.protocol.data.jce.MsgInfo@5d4ae2ea)[0m
[0m2021-05-25 16:40:37 V/Net 692928873: Send: MessageSvc.PbGetMsg[0m
[0m2021-05-25 16:40:37 V/Net 692928873: Recv: MessageSvcPbSendMsg.Response.SUCCESS[0m
[0m2021-05-25 16:40:37 V/Net 692928873: Send: PbMessageSvc.PbMsgWithDraw[0m
[0m2021-05-25 16:40:37 V/Net 692928873: Send: MessageSvc.PbDeleteMsg[0m
[0m2021-05-25 16:40:37 V/Net 692928873: Recv: PbMessageSvc.PbMsgWithDraw.Response.Success[0m
[0m2021-05-25 16:40:37 V/Net 692928873: Send: PbMessageSvc.PbMsgWithDraw[0m
[0m2021-05-25 16:40:38 V/Net 692928873: Send: OnlinePush.RespPush[0m
[0m2021-05-25 16:40:38 V/Net 692928873: Recv: PbMessageSvc.PbMsgWithDraw.Response.Success[0m
[0m2021-05-25 16:40:38 V/Net 692928873: Send: PbMessageSvc.PbMsgWithDraw[0m
[0m2021-05-25 16:40:38 V/Net 692928873: Send: OnlinePush.RespPush[0m
[0m2021-05-25 16:40:38 V/Net 692928873: Recv: PbMessageSvc.PbMsgWithDraw.Response.Success[0m
[0m2021-05-25 16:40:38 V/Net 692928873: Send: PbMessageSvc.PbMsgWithDraw[0m
[0m2021-05-25 16:40:38 V/Net 692928873: Send: OnlinePush.RespPush[0m
[0m2021-05-25 16:40:39 V/Net 692928873: Recv: PbMessageSvc.PbMsgWithDraw.Response.Success[0m
[0m2021-05-25 16:40:39 V/Net 692928873: Send: OnlinePush.RespPush[0m
[0m2021-05-25 16:40:44 V/Net 692928873: Send: OnlinePush.RespPush[0m
[0m2021-05-25 16:40:45 V/Net 692928873: Send: OnlinePush.RespPush[0m
[0m2021-05-25 16:40:46 V/Net 692928873: Send: OnlinePush.RespPush[0m
[0m2021-05-25 16:40:47 V/Net 692928873: Send: OnlinePush.RespPush[0m
[0m2021-05-25 16:40:47 V/Net 692928873: Send: OnlinePush.RespPush[0m
[0m2021-05-25 16:40:47 V/Net 692928873: Send: OnlinePush.RespPush[0m
