[92m2020-12-27 21:53:00 I/Net 692928873: Connected to server 42.81.169.46:8080[0m
[0m2020-12-27 21:53:01 V/Net 692928873: Send: wtlogin.login[0m
[0m2020-12-27 21:53:01 V/Net 692928873: Recv: LoginPacketResponse.Success[0m
[92m2020-12-27 21:53:01 I/Net 692928873: Login successful[0m
[0m2020-12-27 21:53:02 V/Net 692928873: Send: StatSvc.register[0m
[0m2020-12-27 21:53:02 V/Net 692928873: Recv: Response(StatSvc.register)[0m
[92m2020-12-27 21:53:02 I/Net 692928873: å¼€å§‹åŠ è½½å¥½å‹ä¿¡æ¯[0m
[92m2020-12-27 21:53:02 I/Net 692928873: å¼€å§‹åŠ è½½ç¾¤ç»„åˆ—è¡¨ä¸ç¾¤æˆå‘˜åˆ—è¡¨[0m
[0m2020-12-27 21:53:02 V/Net 692928873: Send: friendlist.GetTroopListReqV2[0m
[0m2020-12-27 21:53:02 V/Net 692928873: Send: friendlist.getFriendGroupList[0m
[0m2020-12-27 21:53:03 V/Net 692928873: Recv: FriendList.GetFriendGroupList.Response[0m
[0m2020-12-27 21:53:03 V/Net 692928873: Recv: FriendList.GetFriendGroupList.Response[0m
[0m2020-12-27 21:53:03 V/Net 692928873: æ­£åœ¨åŠ è½½å¥½å‹åˆ—è¡¨ 8/8[0m
[92m2020-12-27 21:53:03 I/Net 692928873: å¥½å‹åˆ—è¡¨åŠ è½½å®Œæˆ, å…± 8ä¸ª[0m
[0m2020-12-27 21:53:03 V/Net 692928873: Send: friendlist.GetTroopMemberListReq[0m
[0m2020-12-27 21:53:03 V/Net 692928873: Send: friendlist.GetTroopMemberListReq[0m
[0m2020-12-27 21:53:03 V/Net 692928873: Send: friendlist.GetTroopMemberListReq[0m
[0m2020-12-27 21:53:03 V/Net 692928873: Send: friendlist.GetTroopMemberListReq[0m
[0m2020-12-27 21:53:03 V/Net 692928873: Send: friendlist.GetTroopMemberListReq[0m
[0m2020-12-27 21:53:03 V/Net 692928873: Send: friendlist.GetTroopMemberListReq[0m
[0m2020-12-27 21:53:03 V/Net 692928873: Send: friendlist.GetTroopMemberListReq[0m
[0m2020-12-27 21:53:03 V/Net 692928873: Recv: FriendList.GetTroopMemberList.Response[0m
[0m2020-12-27 21:53:03 V/Net 692928873: Recv: FriendList.GetTroopMemberList.Response[0m
[0m2020-12-27 21:53:03 V/Net 692928873: Recv: FriendList.GetTroopMemberList.Response[0m
[0m2020-12-27 21:53:03 V/Net 692928873: Recv: FriendList.GetTroopMemberList.Response[0m
[0m2020-12-27 21:53:04 V/Net 692928873: Recv: FriendList.GetTroopMemberList.Response[0m
[0m2020-12-27 21:53:04 V/Net 692928873: Recv: FriendList.GetTroopMemberList.Response[0m
[0m2020-12-27 21:53:04 V/Net 692928873: Recv: FriendList.GetTroopMemberList.Response[0m
[0m2020-12-27 21:53:04 V/Net 692928873: Send: friendlist.GetTroopMemberListReq[0m
[0m2020-12-27 21:53:04 V/Net 692928873: Recv: FriendList.GetTroopMemberList.Response[0m
[92m2020-12-27 21:53:04 I/Net 692928873: ç¾¤ç»„åˆ—è¡¨ä¸ç¾¤æˆå‘˜åŠ è½½å®Œæˆ, å…± 7ä¸ª[0m
[92m2020-12-27 21:53:04 I/Net 692928873: Awaiting ConfigPushSvc.PushReq[0m
[92m2020-12-27 21:53:04 I/Net 692928873: Syncing friend message history...[0m
[0m2020-12-27 21:53:04 V/Net 692928873: Send: MessageSvc.PbGetMsg[0m
[0m2020-12-27 21:53:05 V/Net 692928873: Send: MessageSvc.PbDeleteMsg[0m
[96m2020-12-27 21:53:05 D/Net 692928873: Received unknown commandName: ConfigPushSvc.PushDomain[0m
[92m2020-12-27 21:53:05 I/Net 692928873: Syncing friend message history: Success[0m
[0m2020-12-27 21:53:05 V/Net 692928873: Recv: ConfigPushSvc.PushReq.PushReqResponse.Success[0m
[0m2020-12-27 21:53:05 V/Net 692928873: Recv: ConfigPushSvc.PushReq.PushReqResponse.Success[0m
[0m2020-12-27 21:53:05 V/Net 692928873: Send: ConfigPushSvc.PushResp[0m
[0m2020-12-27 21:53:05 V/Net 692928873: Send: ConfigPushSvc.PushResp[0m
[92m2020-12-27 21:53:05 I/Net 692928873: ConfigPushSvc.PushReq: Success[0m
[96m2020-12-27 21:53:13 D/Net 692928873: Received unknown commandName: QualityTest.PushList[0m
[0m2020-12-27 21:54:02 V/Net 692928873: Send: Heartbeat.Alive[0m
[0m2020-12-27 21:54:02 V/Net 692928873: Recv: Heartbeat.Alive.Response[0m
[0m2020-12-27 21:55:02 V/Net 692928873: Send: Heartbeat.Alive[0m
[0m2020-12-27 21:55:02 V/Net 692928873: Recv: Heartbeat.Alive.Response[0m
[92m2020-12-27 21:58:20 I/Net 692928873: Connected to server 42.81.169.46:8080[0m
[0m2020-12-27 21:58:22 V/Net 692928873: Send: wtlogin.login[0m
[0m2020-12-27 21:58:23 V/Net 692928873: Recv: LoginPacketResponse.Success[0m
[92m2020-12-27 21:58:23 I/Net 692928873: Login successful[0m
[0m2020-12-27 21:58:24 V/Net 692928873: Send: StatSvc.register[0m
[0m2020-12-27 21:58:24 V/Net 692928873: Recv: Response(StatSvc.register)[0m
[92m2020-12-27 21:58:24 I/Net 692928873: å¼€å§‹åŠ è½½å¥½å‹ä¿¡æ¯[0m
[92m2020-12-27 21:58:24 I/Net 692928873: å¼€å§‹åŠ è½½ç¾¤ç»„åˆ—è¡¨ä¸ç¾¤æˆå‘˜åˆ—è¡¨[0m
[0m2020-12-27 21:58:24 V/Net 692928873: Send: friendlist.GetTroopListReqV2[0m
[0m2020-12-27 21:58:24 V/Net 692928873: Send: friendlist.getFriendGroupList[0m
[0m2020-12-27 21:58:24 V/Net 692928873: Recv: FriendList.GetFriendGroupList.Response[0m
[0m2020-12-27 21:58:24 V/Net 692928873: Recv: FriendList.GetFriendGroupList.Response[0m
[0m2020-12-27 21:58:24 V/Net 692928873: æ­£åœ¨åŠ è½½å¥½å‹åˆ—è¡¨ 8/8[0m
[92m2020-12-27 21:58:24 I/Net 692928873: å¥½å‹åˆ—è¡¨åŠ è½½å®Œæˆ, å…± 8ä¸ª[0m
[0m2020-12-27 21:58:24 V/Net 692928873: Send: friendlist.GetTroopMemberListReq[0m
[0m2020-12-27 21:58:24 V/Net 692928873: Send: friendlist.GetTroopMemberListReq[0m
[0m2020-12-27 21:58:24 V/Net 692928873: Send: friendlist.GetTroopMemberListReq[0m
[0m2020-12-27 21:58:24 V/Net 692928873: Send: friendlist.GetTroopMemberListReq[0m
[0m2020-12-27 21:58:24 V/Net 692928873: Send: friendlist.GetTroopMemberListReq[0m
[0m2020-12-27 21:58:24 V/Net 692928873: Send: friendlist.GetTroopMemberListReq[0m
[0m2020-12-27 21:58:24 V/Net 692928873: Send: friendlist.GetTroopMemberListReq[0m
[0m2020-12-27 21:58:25 V/Net 692928873: Recv: FriendList.GetTroopMemberList.Response[0m
[0m2020-12-27 21:58:25 V/Net 692928873: Recv: FriendList.GetTroopMemberList.Response[0m
[0m2020-12-27 21:58:25 V/Net 692928873: Recv: FriendList.GetTroopMemberList.Response[0m
[0m2020-12-27 21:58:25 V/Net 692928873: Recv: FriendList.GetTroopMemberList.Response[0m
[0m2020-12-27 21:58:25 V/Net 692928873: Recv: FriendList.GetTroopMemberList.Response[0m
[0m2020-12-27 21:58:25 V/Net 692928873: Recv: FriendList.GetTroopMemberList.Response[0m
[0m2020-12-27 21:58:25 V/Net 692928873: Recv: FriendList.GetTroopMemberList.Response[0m
[0m2020-12-27 21:58:25 V/Net 692928873: Send: friendlist.GetTroopMemberListReq[0m
[0m2020-12-27 21:58:25 V/Net 692928873: Recv: FriendList.GetTroopMemberList.Response[0m
[92m2020-12-27 21:58:25 I/Net 692928873: ç¾¤ç»„åˆ—è¡¨ä¸ç¾¤æˆå‘˜åŠ è½½å®Œæˆ, å…± 7ä¸ª[0m
[92m2020-12-27 21:58:25 I/Net 692928873: Syncing friend message history...[0m
[92m2020-12-27 21:58:25 I/Net 692928873: Awaiting ConfigPushSvc.PushReq[0m
[0m2020-12-27 21:58:25 V/Net 692928873: Send: MessageSvc.PbGetMsg[0m
[0m2020-12-27 21:58:26 V/Net 692928873: Send: MessageSvc.PbDeleteMsg[0m
[92m2020-12-27 21:58:26 I/Net 692928873: Syncing friend message history: Success[0m
[0m2020-12-27 21:58:27 V/Net 692928873: Recv: ConfigPushSvc.PushReq.PushReqResponse.Success[0m
[0m2020-12-27 21:58:27 V/Net 692928873: Send: ConfigPushSvc.PushResp[0m
[92m2020-12-27 21:58:27 I/Net 692928873: ConfigPushSvc.PushReq: Success[0m
[96m2020-12-27 21:58:28 D/Net 692928873: Received unknown commandName: ConfigPushSvc.PushDomain[0m
[0m2020-12-27 21:58:28 V/Net 692928873: Recv: ConfigPushSvc.PushReq.PushReqResponse.Success[0m
[0m2020-12-27 21:58:28 V/Net 692928873: Send: ConfigPushSvc.PushResp[0m
[0m2020-12-27 21:59:24 V/Net 692928873: Send: Heartbeat.Alive[0m
[0m2020-12-27 21:59:24 V/Net 692928873: Recv: Heartbeat.Alive.Response[0m
[0m2020-12-27 22:00:24 V/Net 692928873: Send: Heartbeat.Alive[0m
[0m2020-12-27 22:00:24 V/Net 692928873: Recv: Heartbeat.Alive.Response[0m
[0m2020-12-27 22:01:24 V/Net 692928873: Send: Heartbeat.Alive[0m
[0m2020-12-27 22:01:24 V/Net 692928873: Recv: Heartbeat.Alive.Response[0m
[92m2020-12-27 22:02:39 I/Net 692928873: Connected to server 42.81.169.46:8080[0m
[0m2020-12-27 22:02:39 V/Net 692928873: Send: wtlogin.login[0m
[0m2020-12-27 22:02:40 V/Net 692928873: Recv: LoginPacketResponse.Success[0m
[92m2020-12-27 22:02:40 I/Net 692928873: Login successful[0m
[0m2020-12-27 22:02:40 V/Net 692928873: Send: StatSvc.register[0m
[0m2020-12-27 22:02:40 V/Net 692928873: Recv: Response(StatSvc.register)[0m
[92m2020-12-27 22:02:40 I/Net 692928873: å¼€å§‹åŠ è½½å¥½å‹ä¿¡æ¯[0m
[92m2020-12-27 22:02:40 I/Net 692928873: å¼€å§‹åŠ è½½ç¾¤ç»„åˆ—è¡¨ä¸ç¾¤æˆå‘˜åˆ—è¡¨[0m
[0m2020-12-27 22:02:40 V/Net 692928873: Send: friendlist.GetTroopListReqV2[0m
[0m2020-12-27 22:02:40 V/Net 692928873: Send: friendlist.getFriendGroupList[0m
[0m2020-12-27 22:02:41 V/Net 692928873: Recv: FriendList.GetFriendGroupList.Response[0m
[0m2020-12-27 22:02:41 V/Net 692928873: æ­£åœ¨åŠ è½½å¥½å‹åˆ—è¡¨ 8/8[0m
[92m2020-12-27 22:02:41 I/Net 692928873: å¥½å‹åˆ—è¡¨åŠ è½½å®Œæˆ, å…± 8ä¸ª[0m
[0m2020-12-27 22:02:41 V/Net 692928873: Recv: FriendList.GetFriendGroupList.Response[0m
[0m2020-12-27 22:02:41 V/Net 692928873: Send: friendlist.GetTroopMemberListReq[0m
[0m2020-12-27 22:02:41 V/Net 692928873: Send: friendlist.GetTroopMemberListReq[0m
[0m2020-12-27 22:02:41 V/Net 692928873: Send: friendlist.GetTroopMemberListReq[0m
[0m2020-12-27 22:02:41 V/Net 692928873: Send: friendlist.GetTroopMemberListReq[0m
[0m2020-12-27 22:02:41 V/Net 692928873: Send: friendlist.GetTroopMemberListReq[0m
[0m2020-12-27 22:02:41 V/Net 692928873: Send: friendlist.GetTroopMemberListReq[0m
[0m2020-12-27 22:02:41 V/Net 692928873: Send: friendlist.GetTroopMemberListReq[0m
[0m2020-12-27 22:02:41 V/Net 692928873: Recv: FriendList.GetTroopMemberList.Response[0m
[0m2020-12-27 22:02:41 V/Net 692928873: Recv: FriendList.GetTroopMemberList.Response[0m
[0m2020-12-27 22:02:42 V/Net 692928873: Recv: FriendList.GetTroopMemberList.Response[0m
[0m2020-12-27 22:02:42 V/Net 692928873: Recv: FriendList.GetTroopMemberList.Response[0m
[0m2020-12-27 22:02:42 V/Net 692928873: Recv: FriendList.GetTroopMemberList.Response[0m
[0m2020-12-27 22:02:42 V/Net 692928873: Send: friendlist.GetTroopMemberListReq[0m
[0m2020-12-27 22:02:42 V/Net 692928873: Recv: FriendList.GetTroopMemberList.Response[0m
[0m2020-12-27 22:02:42 V/Net 692928873: Recv: FriendList.GetTroopMemberList.Response[0m
[0m2020-12-27 22:02:42 V/Net 692928873: Recv: FriendList.GetTroopMemberList.Response[0m
[92m2020-12-27 22:02:42 I/Net 692928873: ç¾¤ç»„åˆ—è¡¨ä¸ç¾¤æˆå‘˜åŠ è½½å®Œæˆ, å…± 7ä¸ª[0m
[92m2020-12-27 22:02:42 I/Net 692928873: Awaiting ConfigPushSvc.PushReq[0m
[92m2020-12-27 22:02:42 I/Net 692928873: Syncing friend message history...[0m
[0m2020-12-27 22:02:42 V/Net 692928873: Send: MessageSvc.PbGetMsg[0m
[0m2020-12-27 22:02:42 V/Net 692928873: Send: MessageSvc.PbDeleteMsg[0m
[92m2020-12-27 22:02:42 I/Net 692928873: Syncing friend message history: Success[0m
[96m2020-12-27 22:02:43 D/Net 692928873: Received unknown commandName: ConfigPushSvc.PushDomain[0m
[0m2020-12-27 22:02:43 V/Net 692928873: Recv: ConfigPushSvc.PushReq.PushReqResponse.Success[0m
[0m2020-12-27 22:02:43 V/Net 692928873: Recv: ConfigPushSvc.PushReq.PushReqResponse.Success[0m
[0m2020-12-27 22:02:43 V/Net 692928873: Send: ConfigPushSvc.PushResp[0m
[0m2020-12-27 22:02:43 V/Net 692928873: Send: ConfigPushSvc.PushResp[0m
[92m2020-12-27 22:02:43 I/Net 692928873: ConfigPushSvc.PushReq: Success[0m
[0m2020-12-27 22:03:40 V/Net 692928873: Send: Heartbeat.Alive[0m
[0m2020-12-27 22:03:40 V/Net 692928873: Recv: Heartbeat.Alive.Response[0m
[92m2020-12-27 22:04:25 I/Net 692928873: Connected to server 42.81.169.46:8080[0m
[0m2020-12-27 22:04:26 V/Net 692928873: Send: wtlogin.login[0m
[0m2020-12-27 22:04:26 V/Net 692928873: Recv: LoginPacketResponse.Success[0m
[92m2020-12-27 22:04:26 I/Net 692928873: Login successful[0m
[0m2020-12-27 22:04:26 V/Net 692928873: Send: StatSvc.register[0m
[0m2020-12-27 22:04:26 V/Net 692928873: Recv: Response(StatSvc.register)[0m
[92m2020-12-27 22:04:26 I/Net 692928873: å¼€å§‹åŠ è½½å¥½å‹ä¿¡æ¯[0m
[92m2020-12-27 22:04:26 I/Net 692928873: å¼€å§‹åŠ è½½ç¾¤ç»„åˆ—è¡¨ä¸ç¾¤æˆå‘˜åˆ—è¡¨[0m
[0m2020-12-27 22:04:26 V/Net 692928873: Send: friendlist.GetTroopListReqV2[0m
[0m2020-12-27 22:04:26 V/Net 692928873: Send: friendlist.getFriendGroupList[0m
[0m2020-12-27 22:04:27 V/Net 692928873: Recv: FriendList.GetFriendGroupList.Response[0m
[0m2020-12-27 22:04:27 V/Net 692928873: Recv: FriendList.GetFriendGroupList.Response[0m
[0m2020-12-27 22:04:27 V/Net 692928873: æ­£åœ¨åŠ è½½å¥½å‹åˆ—è¡¨ 8/8[0m
[92m2020-12-27 22:04:27 I/Net 692928873: å¥½å‹åˆ—è¡¨åŠ è½½å®Œæˆ, å…± 8ä¸ª[0m
[0m2020-12-27 22:04:27 V/Net 692928873: Send: friendlist.GetTroopMemberListReq[0m
[0m2020-12-27 22:04:27 V/Net 692928873: Send: friendlist.GetTroopMemberListReq[0m
[0m2020-12-27 22:04:27 V/Net 692928873: Send: friendlist.GetTroopMemberListReq[0m
[0m2020-12-27 22:04:27 V/Net 692928873: Send: friendlist.GetTroopMemberListReq[0m
[0m2020-12-27 22:04:27 V/Net 692928873: Send: friendlist.GetTroopMemberListReq[0m
[0m2020-12-27 22:04:27 V/Net 692928873: Send: friendlist.GetTroopMemberListReq[0m
[0m2020-12-27 22:04:27 V/Net 692928873: Send: friendlist.GetTroopMemberListReq[0m
[0m2020-12-27 22:04:27 V/Net 692928873: Recv: FriendList.GetTroopMemberList.Response[0m
[0m2020-12-27 22:04:27 V/Net 692928873: Recv: FriendList.GetTroopMemberList.Response[0m
[0m2020-12-27 22:04:27 V/Net 692928873: Recv: FriendList.GetTroopMemberList.Response[0m
[0m2020-12-27 22:04:27 V/Net 692928873: Recv: FriendList.GetTroopMemberList.Response[0m
[0m2020-12-27 22:04:27 V/Net 692928873: Recv: FriendList.GetTroopMemberList.Response[0m
[0m2020-12-27 22:04:27 V/Net 692928873: Recv: FriendList.GetTroopMemberList.Response[0m
[0m2020-12-27 22:04:27 V/Net 692928873: Recv: FriendList.GetTroopMemberList.Response[0m
[0m2020-12-27 22:04:27 V/Net 692928873: Send: friendlist.GetTroopMemberListReq[0m
[0m2020-12-27 22:04:27 V/Net 692928873: Recv: FriendList.GetTroopMemberList.Response[0m
[92m2020-12-27 22:04:27 I/Net 692928873: ç¾¤ç»„åˆ—è¡¨ä¸ç¾¤æˆå‘˜åŠ è½½å®Œæˆ, å…± 7ä¸ª[0m
[92m2020-12-27 22:04:27 I/Net 692928873: Awaiting ConfigPushSvc.PushReq[0m
[92m2020-12-27 22:04:27 I/Net 692928873: Syncing friend message history...[0m
[0m2020-12-27 22:04:27 V/Net 692928873: Send: MessageSvc.PbGetMsg[0m
[0m2020-12-27 22:04:28 V/Net 692928873: Send: MessageSvc.PbDeleteMsg[0m
[92m2020-12-27 22:04:28 I/Net 692928873: Syncing friend message history: Success[0m
[96m2020-12-27 22:04:29 D/Net 692928873: Received unknown commandName: ConfigPushSvc.PushDomain[0m
[0m2020-12-27 22:04:30 V/Net 692928873: Recv: ConfigPushSvc.PushReq.PushReqResponse.Success[0m
[0m2020-12-27 22:04:30 V/Net 692928873: Recv: ConfigPushSvc.PushReq.PushReqResponse.Success[0m
[0m2020-12-27 22:04:30 V/Net 692928873: Send: ConfigPushSvc.PushResp[0m
[92m2020-12-27 22:04:30 I/Net 692928873: ConfigPushSvc.PushReq: Success[0m
[0m2020-12-27 22:04:30 V/Net 692928873: Send: ConfigPushSvc.PushResp[0m
[92m2020-12-27 22:05:32 I/Net 692928873: Connected to server 42.81.169.46:8080[0m
[0m2020-12-27 22:05:33 V/Net 692928873: Send: wtlogin.login[0m
[0m2020-12-27 22:05:34 V/Net 692928873: Recv: LoginPacketResponse.Success[0m
[92m2020-12-27 22:05:34 I/Net 692928873: Login successful[0m
[0m2020-12-27 22:05:34 V/Net 692928873: Send: StatSvc.register[0m
[0m2020-12-27 22:05:34 V/Net 692928873: Recv: Response(StatSvc.register)[0m
[92m2020-12-27 22:05:34 I/Net 692928873: å¼€å§‹åŠ è½½å¥½å‹ä¿¡æ¯[0m
[92m2020-12-27 22:05:34 I/Net 692928873: å¼€å§‹åŠ è½½ç¾¤ç»„åˆ—è¡¨ä¸ç¾¤æˆå‘˜åˆ—è¡¨[0m
[0m2020-12-27 22:05:34 V/Net 692928873: Send: friendlist.GetTroopListReqV2[0m
[0m2020-12-27 22:05:34 V/Net 692928873: Send: friendlist.getFriendGroupList[0m
[0m2020-12-27 22:05:35 V/Net 692928873: Recv: FriendList.GetFriendGroupList.Response[0m
[0m2020-12-27 22:05:35 V/Net 692928873: Recv: FriendList.GetFriendGroupList.Response[0m
[0m2020-12-27 22:05:35 V/Net 692928873: æ­£åœ¨åŠ è½½å¥½å‹åˆ—è¡¨ 8/8[0m
[92m2020-12-27 22:05:35 I/Net 692928873: å¥½å‹åˆ—è¡¨åŠ è½½å®Œæˆ, å…± 8ä¸ª[0m
[0m2020-12-27 22:05:35 V/Net 692928873: Send: friendlist.GetTroopMemberListReq[0m
[0m2020-12-27 22:05:35 V/Net 692928873: Send: friendlist.GetTroopMemberListReq[0m
[0m2020-12-27 22:05:35 V/Net 692928873: Send: friendlist.GetTroopMemberListReq[0m
[0m2020-12-27 22:05:35 V/Net 692928873: Send: friendlist.GetTroopMemberListReq[0m
[0m2020-12-27 22:05:35 V/Net 692928873: Send: friendlist.GetTroopMemberListReq[0m
[0m2020-12-27 22:05:35 V/Net 692928873: Send: friendlist.GetTroopMemberListReq[0m
[0m2020-12-27 22:05:35 V/Net 692928873: Send: friendlist.GetTroopMemberListReq[0m
[0m2020-12-27 22:05:35 V/Net 692928873: Recv: FriendList.GetTroopMemberList.Response[0m
[0m2020-12-27 22:05:35 V/Net 692928873: Recv: FriendList.GetTroopMemberList.Response[0m
[0m2020-12-27 22:05:35 V/Net 692928873: Recv: FriendList.GetTroopMemberList.Response[0m
[0m2020-12-27 22:05:36 V/Net 692928873: Recv: FriendList.GetTroopMemberList.Response[0m
[0m2020-12-27 22:05:36 V/Net 692928873: Recv: FriendList.GetTroopMemberList.Response[0m
[0m2020-12-27 22:05:36 V/Net 692928873: Recv: FriendList.GetTroopMemberList.Response[0m
[0m2020-12-27 22:05:36 V/Net 692928873: Send: friendlist.GetTroopMemberListReq[0m
[0m2020-12-27 22:05:36 V/Net 692928873: Recv: FriendList.GetTroopMemberList.Response[0m
[0m2020-12-27 22:05:36 V/Net 692928873: Recv: FriendList.GetTroopMemberList.Response[0m
[92m2020-12-27 22:05:36 I/Net 692928873: ç¾¤ç»„åˆ—è¡¨ä¸ç¾¤æˆå‘˜åŠ è½½å®Œæˆ, å…± 7ä¸ª[0m
[92m2020-12-27 22:05:36 I/Net 692928873: Awaiting ConfigPushSvc.PushReq[0m
[92m2020-12-27 22:05:36 I/Net 692928873: Syncing friend message history...[0m
[0m2020-12-27 22:05:36 V/Net 692928873: Send: MessageSvc.PbGetMsg[0m
[0m2020-12-27 22:05:37 V/Net 692928873: Send: MessageSvc.PbDeleteMsg[0m
[92m2020-12-27 22:05:37 I/Net 692928873: Syncing friend message history: Success[0m
[96m2020-12-27 22:05:37 D/Net 692928873: Received unknown commandName: ConfigPushSvc.PushDomain[0m
[0m2020-12-27 22:05:37 V/Net 692928873: Recv: ConfigPushSvc.PushReq.PushReqResponse.Success[0m
[0m2020-12-27 22:05:37 V/Net 692928873: Recv: ConfigPushSvc.PushReq.PushReqResponse.Success[0m
[0m2020-12-27 22:05:37 V/Net 692928873: Send: ConfigPushSvc.PushResp[0m
[0m2020-12-27 22:05:37 V/Net 692928873: Send: ConfigPushSvc.PushResp[0m
[92m2020-12-27 22:05:37 I/Net 692928873: ConfigPushSvc.PushReq: Success[0m
