[92m2020-12-29 08:08:21 I/Net 692928873: Connected to server 42.81.172.22:80[0m
[0m2020-12-29 08:08:21 V/Net 692928873: Send: wtlogin.login[0m
[0m2020-12-29 08:08:22 V/Net 692928873: Recv: LoginPacketResponse.Success[0m
[92m2020-12-29 08:08:22 I/Net 692928873: Login successful[0m
[0m2020-12-29 08:08:23 V/Net 692928873: Send: StatSvc.register[0m
[0m2020-12-29 08:08:23 V/Net 692928873: Recv: Response(StatSvc.register)[0m
[0m2020-12-29 08:08:23 V/Net 692928873: Send: StatSvc.GetDevLoginInfo[0m
[0m2020-12-29 08:08:23 V/Net 692928873: Recv: StatSvc.GetDevLoginInfo.Response(deviceList.size=1)[0m
[92m2020-12-29 08:08:23 I/Net 692928873: Start loading group list...[0m
[92m2020-12-29 08:08:23 I/Net 692928873: Start loading friend list...[0m
[0m2020-12-29 08:08:24 V/Net 692928873: Send: friendlist.getFriendGroupList[0m
[0m2020-12-29 08:08:24 V/Net 692928873: Send: friendlist.GetTroopListReqV2[0m
[0m2020-12-29 08:08:25 V/Net 692928873: Recv: FriendList.GetFriendGroupList.Response[0m
[0m2020-12-29 08:08:25 V/Net 692928873: Recv: FriendList.GetFriendGroupList.Response[0m
[0m2020-12-29 08:08:25 V/Net 692928873: Loading friend list: 8/8[0m
[0m2020-12-29 08:08:25 V/Net 692928873: Send: friendlist.GetTroopMemberListReq[0m
[0m2020-12-29 08:08:25 V/Net 692928873: Send: friendlist.GetTroopMemberListReq[0m
[0m2020-12-29 08:08:25 V/Net 692928873: Send: friendlist.GetTroopMemberListReq[0m
[0m2020-12-29 08:08:25 V/Net 692928873: Send: friendlist.GetTroopMemberListReq[0m
[0m2020-12-29 08:08:25 V/Net 692928873: Send: friendlist.GetTroopMemberListReq[0m
[92m2020-12-29 08:08:25 I/Net 692928873: Successfully loaded friend list: 8 in total[0m
[0m2020-12-29 08:08:25 V/Net 692928873: Send: friendlist.GetTroopMemberListReq[0m
[0m2020-12-29 08:08:25 V/Net 692928873: Send: friendlist.GetTroopMemberListReq[0m
[0m2020-12-29 08:08:25 V/Net 692928873: Recv: FriendList.GetTroopMemberList.Response[0m
[0m2020-12-29 08:08:25 V/Net 692928873: Recv: FriendList.GetTroopMemberList.Response[0m
[0m2020-12-29 08:08:25 V/Net 692928873: Recv: FriendList.GetTroopMemberList.Response[0m
[0m2020-12-29 08:08:25 V/Net 692928873: Recv: FriendList.GetTroopMemberList.Response[0m
[0m2020-12-29 08:08:26 V/Net 692928873: Recv: FriendList.GetTroopMemberList.Response[0m
[0m2020-12-29 08:08:26 V/Net 692928873: Recv: FriendList.GetTroopMemberList.Response[0m
[0m2020-12-29 08:08:26 V/Net 692928873: Recv: FriendList.GetTroopMemberList.Response[0m
[0m2020-12-29 08:08:26 V/Net 692928873: Send: friendlist.GetTroopMemberListReq[0m
[96m2020-12-29 08:08:26 D/Net 692928873: Received unknown commandName: ConfigPushSvc.PushDomain[0m
[0m2020-12-29 08:08:26 V/Net 692928873: Recv: ConfigPushSvc.PushReq.PushReqResponse.Success[0m
[0m2020-12-29 08:08:26 V/Net 692928873: Recv: ConfigPushSvc.PushReq.PushReqResponse.Success[0m
[0m2020-12-29 08:08:26 V/Net 692928873: Send: ConfigPushSvc.PushResp[0m
[0m2020-12-29 08:08:26 V/Net 692928873: Send: ConfigPushSvc.PushResp[0m
[0m2020-12-29 08:08:26 V/Net 692928873: Recv: FriendList.GetTroopMemberList.Response[0m
[92m2020-12-29 08:08:26 I/Net 692928873: Successfully loaded group list: 7 in total.[0m
[92m2020-12-29 08:08:26 I/Net 692928873: Syncing friend message history...[0m
[92m2020-12-29 08:08:26 I/Net 692928873: Awaiting ConfigPushSvc.PushReq.[0m
[0m2020-12-29 08:08:26 V/Net 692928873: Send: MessageSvc.PbGetMsg[0m
[0m2020-12-29 08:08:27 V/Net 692928873: Send: MessageSvc.PbDeleteMsg[0m
[92m2020-12-29 08:08:27 I/Net 692928873: Syncing friend message history: Success.[0m
[92m2020-12-29 08:08:36 I/Net 692928873: Missing ConfigPushSvc.PushReq.[0m
[0m2020-12-29 08:08:45 V/Net 692928873: Send: MessageSvc.PbSendMsg[0m
[0m2020-12-29 08:08:46 V/Net 692928873: Recv: MessageSvcPbSendMsg.Response.SUCCESS[0m
[0m2020-12-29 08:08:51 V/Net 692928873: Send: OnlinePush.RespPush[0m
