[92m2020-12-28 14:40:04 I/Net 692928873: Connected to server 42.81.169.46:8080[0m
[0m2020-12-28 14:40:05 V/Net 692928873: Send: wtlogin.login[0m
[0m2020-12-28 14:40:06 V/Net 692928873: Recv: LoginPacketResponse.Success[0m
[92m2020-12-28 14:40:06 I/Net 692928873: Login successful[0m
[0m2020-12-28 14:40:06 V/Net 692928873: Send: StatSvc.register[0m
[0m2020-12-28 14:40:06 V/Net 692928873: Recv: Response(StatSvc.register)[0m
[92m2020-12-28 14:40:06 I/Net 692928873: 开始加载好友信息[0m
[92m2020-12-28 14:40:06 I/Net 692928873: 开始加载群组列表与群成员列表[0m
[0m2020-12-28 14:40:06 V/Net 692928873: Send: friendlist.GetTroopListReqV2[0m
[0m2020-12-28 14:40:06 V/Net 692928873: Send: friendlist.getFriendGroupList[0m
[0m2020-12-28 14:40:07 V/Net 692928873: Recv: FriendList.GetFriendGroupList.Response[0m
[0m2020-12-28 14:40:07 V/Net 692928873: Recv: FriendList.GetFriendGroupList.Response[0m
[0m2020-12-28 14:40:07 V/Net 692928873: 正在加载好友列表 8/8[0m
[92m2020-12-28 14:40:07 I/Net 692928873: 好友列表加载完成, 共 8个[0m
[0m2020-12-28 14:40:07 V/Net 692928873: Send: friendlist.GetTroopMemberListReq[0m
[0m2020-12-28 14:40:07 V/Net 692928873: Send: friendlist.GetTroopMemberListReq[0m
[0m2020-12-28 14:40:07 V/Net 692928873: Send: friendlist.GetTroopMemberListReq[0m
[0m2020-12-28 14:40:07 V/Net 692928873: Send: friendlist.GetTroopMemberListReq[0m
[0m2020-12-28 14:40:07 V/Net 692928873: Send: friendlist.GetTroopMemberListReq[0m
[0m2020-12-28 14:40:07 V/Net 692928873: Send: friendlist.GetTroopMemberListReq[0m
[0m2020-12-28 14:40:07 V/Net 692928873: Send: friendlist.GetTroopMemberListReq[0m
[0m2020-12-28 14:40:07 V/Net 692928873: Recv: FriendList.GetTroopMemberList.Response[0m
[0m2020-12-28 14:40:07 V/Net 692928873: Recv: FriendList.GetTroopMemberList.Response[0m
[0m2020-12-28 14:40:07 V/Net 692928873: Recv: FriendList.GetTroopMemberList.Response[0m
[0m2020-12-28 14:40:07 V/Net 692928873: Recv: FriendList.GetTroopMemberList.Response[0m
[0m2020-12-28 14:40:07 V/Net 692928873: Recv: FriendList.GetTroopMemberList.Response[0m
[0m2020-12-28 14:40:07 V/Net 692928873: Recv: FriendList.GetTroopMemberList.Response[0m
[0m2020-12-28 14:40:07 V/Net 692928873: Recv: FriendList.GetTroopMemberList.Response[0m
[0m2020-12-28 14:40:07 V/Net 692928873: Send: friendlist.GetTroopMemberListReq[0m
[0m2020-12-28 14:40:08 V/Net 692928873: Recv: FriendList.GetTroopMemberList.Response[0m
[92m2020-12-28 14:40:08 I/Net 692928873: 群组列表与群成员加载完成, 共 7个[0m
[92m2020-12-28 14:40:08 I/Net 692928873: Awaiting ConfigPushSvc.PushReq[0m
[92m2020-12-28 14:40:08 I/Net 692928873: Syncing friend message history...[0m
[0m2020-12-28 14:40:08 V/Net 692928873: Send: MessageSvc.PbGetMsg[0m
[0m2020-12-28 14:40:08 V/Net 692928873: Send: MessageSvc.PbDeleteMsg[0m
[92m2020-12-28 14:40:08 I/Net 692928873: Syncing friend message history: Success[0m
[96m2020-12-28 14:40:09 D/Net 692928873: Received unknown commandName: ConfigPushSvc.PushDomain[0m
[0m2020-12-28 14:40:09 V/Net 692928873: Recv: ConfigPushSvc.PushReq.PushReqResponse.Success[0m
[0m2020-12-28 14:40:09 V/Net 692928873: Recv: ConfigPushSvc.PushReq.PushReqResponse.Success[0m
[0m2020-12-28 14:40:09 V/Net 692928873: Send: ConfigPushSvc.PushResp[0m
[0m2020-12-28 14:40:09 V/Net 692928873: Send: ConfigPushSvc.PushResp[0m
[92m2020-12-28 14:40:09 I/Net 692928873: ConfigPushSvc.PushReq: Success[0m
[0m2020-12-28 14:41:06 V/Net 692928873: Send: Heartbeat.Alive[0m
[0m2020-12-28 14:41:06 V/Net 692928873: Recv: Heartbeat.Alive.Response[0m
[0m2020-12-28 14:42:06 V/Net 692928873: Send: Heartbeat.Alive[0m
[0m2020-12-28 14:42:06 V/Net 692928873: Recv: Heartbeat.Alive.Response[0m
[0m2020-12-28 14:43:06 V/Net 692928873: Send: Heartbeat.Alive[0m
[0m2020-12-28 14:43:06 V/Net 692928873: Recv: Heartbeat.Alive.Response[0m
[0m2020-12-28 14:44:06 V/Net 692928873: Send: Heartbeat.Alive[0m
[0m2020-12-28 14:44:06 V/Net 692928873: Recv: Heartbeat.Alive.Response[0m
[0m2020-12-28 14:45:06 V/Net 692928873: Send: Heartbeat.Alive[0m
[0m2020-12-28 14:45:07 V/Net 692928873: Recv: Heartbeat.Alive.Response[0m
[0m2020-12-28 14:46:07 V/Net 692928873: Send: Heartbeat.Alive[0m
[0m2020-12-28 14:46:07 V/Net 692928873: Recv: Heartbeat.Alive.Response[0m
[0m2020-12-28 14:47:07 V/Net 692928873: Send: Heartbeat.Alive[0m
[0m2020-12-28 14:47:07 V/Net 692928873: Recv: Heartbeat.Alive.Response[0m
[0m2020-12-28 14:48:07 V/Net 692928873: Send: Heartbeat.Alive[0m
[0m2020-12-28 14:48:07 V/Net 692928873: Recv: Heartbeat.Alive.Response[0m
[0m2020-12-28 14:49:07 V/Net 692928873: Send: Heartbeat.Alive[0m
[0m2020-12-28 14:49:07 V/Net 692928873: Recv: Heartbeat.Alive.Response[0m
[0m2020-12-28 14:50:07 V/Net 692928873: Send: Heartbeat.Alive[0m
[0m2020-12-28 14:50:07 V/Net 692928873: Recv: Heartbeat.Alive.Response[0m
[0m2020-12-28 14:51:07 V/Net 692928873: Send: Heartbeat.Alive[0m
[0m2020-12-28 14:51:07 V/Net 692928873: Recv: Heartbeat.Alive.Response[0m
[0m2020-12-28 14:52:07 V/Net 692928873: Send: Heartbeat.Alive[0m
[0m2020-12-28 14:52:07 V/Net 692928873: Recv: Heartbeat.Alive.Response[0m
[0m2020-12-28 14:53:07 V/Net 692928873: Send: Heartbeat.Alive[0m
[0m2020-12-28 14:53:07 V/Net 692928873: Recv: Heartbeat.Alive.Response[0m
[0m2020-12-28 14:54:07 V/Net 692928873: Send: Heartbeat.Alive[0m
[0m2020-12-28 14:54:08 V/Net 692928873: Recv: Heartbeat.Alive.Response[0m
[0m2020-12-28 14:55:08 V/Net 692928873: Send: Heartbeat.Alive[0m
[0m2020-12-28 14:55:08 V/Net 692928873: Recv: Heartbeat.Alive.Response[0m
[0m2020-12-28 14:56:08 V/Net 692928873: Send: Heartbeat.Alive[0m
[0m2020-12-28 14:56:08 V/Net 692928873: Recv: Heartbeat.Alive.Response[0m
[92m2020-12-28 14:56:51 I/Net 692928873: Connected to server 42.81.172.81:80[0m
[0m2020-12-28 14:56:51 V/Net 692928873: Send: wtlogin.login[0m
[0m2020-12-28 14:56:52 V/Net 692928873: Recv: LoginPacketResponse.Success[0m
[92m2020-12-28 14:56:52 I/Net 692928873: Login successful[0m
[0m2020-12-28 14:56:52 V/Net 692928873: Send: StatSvc.register[0m
[0m2020-12-28 14:56:52 V/Net 692928873: Recv: Response(StatSvc.register)[0m
[92m2020-12-28 14:56:52 I/Net 692928873: Syncing friend message history...[0m
[0m2020-12-28 14:56:52 V/Net 692928873: Send: MessageSvc.PbGetMsg[0m
[92m2020-12-28 14:56:52 I/Net 692928873: Syncing friend message history: Success[0m
[0m2020-12-28 14:56:55 V/Net 692928873: Recv: ConfigPushSvc.PushReq.PushReqResponse.Success[0m
[96m2020-12-28 14:56:55 D/Net 692928873: Received unknown commandName: ConfigPushSvc.PushDomain[0m
[0m2020-12-28 14:56:55 V/Net 692928873: Send: ConfigPushSvc.PushResp[0m
[0m2020-12-28 14:56:55 V/Net 692928873: Recv: ConfigPushSvc.PushReq.PushReqResponse.Success[0m
[0m2020-12-28 14:56:55 V/Net 692928873: Send: ConfigPushSvc.PushResp[0m
[0m2020-12-28 14:57:52 V/Net 692928873: Send: Heartbeat.Alive[0m
[0m2020-12-28 14:57:52 V/Net 692928873: Recv: Heartbeat.Alive.Response[0m
[0m2020-12-28 14:58:52 V/Net 692928873: Send: Heartbeat.Alive[0m
[0m2020-12-28 14:58:52 V/Net 692928873: Recv: Heartbeat.Alive.Response[0m
[0m2020-12-28 14:59:52 V/Net 692928873: Send: Heartbeat.Alive[0m
[0m2020-12-28 14:59:52 V/Net 692928873: Recv: Heartbeat.Alive.Response[0m
[0m2020-12-28 15:00:52 V/Net 692928873: Send: Heartbeat.Alive[0m
[0m2020-12-28 15:00:52 V/Net 692928873: Recv: Heartbeat.Alive.Response[0m
[0m2020-12-28 15:01:52 V/Net 692928873: Send: Heartbeat.Alive[0m
[0m2020-12-28 15:01:53 V/Net 692928873: Recv: Heartbeat.Alive.Response[0m
[0m2020-12-28 15:02:53 V/Net 692928873: Send: Heartbeat.Alive[0m
[0m2020-12-28 15:02:53 V/Net 692928873: Recv: Heartbeat.Alive.Response[0m
[0m2020-12-28 15:03:53 V/Net 692928873: Send: Heartbeat.Alive[0m
[0m2020-12-28 15:03:53 V/Net 692928873: Recv: Heartbeat.Alive.Response[0m
[0m2020-12-28 15:04:53 V/Net 692928873: Send: Heartbeat.Alive[0m
[0m2020-12-28 15:04:53 V/Net 692928873: Recv: Heartbeat.Alive.Response[0m
[0m2020-12-28 15:05:53 V/Net 692928873: Send: Heartbeat.Alive[0m
[0m2020-12-28 15:05:53 V/Net 692928873: Recv: Heartbeat.Alive.Response[0m
[0m2020-12-28 15:06:53 V/Net 692928873: Send: Heartbeat.Alive[0m
[0m2020-12-28 15:06:53 V/Net 692928873: Recv: Heartbeat.Alive.Response[0m
[0m2020-12-28 15:07:53 V/Net 692928873: Send: Heartbeat.Alive[0m
[0m2020-12-28 15:07:53 V/Net 692928873: Recv: Heartbeat.Alive.Response[0m
[0m2020-12-28 15:08:53 V/Net 692928873: Send: Heartbeat.Alive[0m
[0m2020-12-28 15:08:53 V/Net 692928873: Recv: Heartbeat.Alive.Response[0m
[0m2020-12-28 15:09:53 V/Net 692928873: Send: Heartbeat.Alive[0m
[0m2020-12-28 15:09:53 V/Net 692928873: Recv: Heartbeat.Alive.Response[0m
[0m2020-12-28 15:10:53 V/Net 692928873: Send: Heartbeat.Alive[0m
[0m2020-12-28 15:10:54 V/Net 692928873: Recv: Heartbeat.Alive.Response[0m
[0m2020-12-28 15:11:54 V/Net 692928873: Send: Heartbeat.Alive[0m
[0m2020-12-28 15:11:54 V/Net 692928873: Recv: Heartbeat.Alive.Response[0m
[0m2020-12-28 15:12:54 V/Net 692928873: Send: Heartbeat.Alive[0m
[0m2020-12-28 15:12:54 V/Net 692928873: Recv: Heartbeat.Alive.Response[0m
[92m2020-12-28 15:13:37 I/Net 692928873: Connected to server 114.221.148.59:14000[0m
[0m2020-12-28 15:13:37 V/Net 692928873: Send: wtlogin.login[0m
[0m2020-12-28 15:13:38 V/Net 692928873: Recv: LoginPacketResponse.Success[0m
[92m2020-12-28 15:13:38 I/Net 692928873: Login successful[0m
[0m2020-12-28 15:13:38 V/Net 692928873: Send: StatSvc.register[0m
[0m2020-12-28 15:13:38 V/Net 692928873: Recv: Response(StatSvc.register)[0m
[92m2020-12-28 15:13:38 I/Net 692928873: Syncing friend message history...[0m
[0m2020-12-28 15:13:38 V/Net 692928873: Send: MessageSvc.PbGetMsg[0m
[92m2020-12-28 15:13:38 I/Net 692928873: Syncing friend message history: Success[0m
[0m2020-12-28 15:13:41 V/Net 692928873: Recv: ConfigPushSvc.PushReq.PushReqResponse.Success[0m
[0m2020-12-28 15:13:41 V/Net 692928873: Send: ConfigPushSvc.PushResp[0m
[96m2020-12-28 15:13:41 D/Net 692928873: Received unknown commandName: ConfigPushSvc.PushDomain[0m
[0m2020-12-28 15:13:41 V/Net 692928873: Recv: ConfigPushSvc.PushReq.PushReqResponse.Success[0m
[0m2020-12-28 15:13:41 V/Net 692928873: Send: ConfigPushSvc.PushResp[0m
[0m2020-12-28 15:14:38 V/Net 692928873: Send: Heartbeat.Alive[0m
[0m2020-12-28 15:14:38 V/Net 692928873: Recv: Heartbeat.Alive.Response[0m
[0m2020-12-28 15:15:38 V/Net 692928873: Send: Heartbeat.Alive[0m
[0m2020-12-28 15:15:38 V/Net 692928873: Recv: Heartbeat.Alive.Response[0m
[0m2020-12-28 15:16:38 V/Net 692928873: Send: Heartbeat.Alive[0m
[0m2020-12-28 15:16:38 V/Net 692928873: Recv: Heartbeat.Alive.Response[0m
[0m2020-12-28 15:17:38 V/Net 692928873: Send: Heartbeat.Alive[0m
[0m2020-12-28 15:17:38 V/Net 692928873: Recv: Heartbeat.Alive.Response[0m
[0m2020-12-28 15:18:38 V/Net 692928873: Send: Heartbeat.Alive[0m
[0m2020-12-28 15:18:38 V/Net 692928873: Recv: Heartbeat.Alive.Response[0m
[0m2020-12-28 15:19:39 V/Net 692928873: Send: Heartbeat.Alive[0m
[0m2020-12-28 15:19:39 V/Net 692928873: Recv: Heartbeat.Alive.Response[0m
[0m2020-12-28 15:20:39 V/Net 692928873: Send: Heartbeat.Alive[0m
[0m2020-12-28 15:20:39 V/Net 692928873: Recv: Heartbeat.Alive.Response[0m
[0m2020-12-28 15:21:39 V/Net 692928873: Send: Heartbeat.Alive[0m
[0m2020-12-28 15:21:39 V/Net 692928873: Recv: Heartbeat.Alive.Response[0m
[0m2020-12-28 15:22:39 V/Net 692928873: Send: Heartbeat.Alive[0m
[0m2020-12-28 15:22:39 V/Net 692928873: Recv: Heartbeat.Alive.Response[0m
[0m2020-12-28 16:57:25 V/Net 692928873: Send: Heartbeat.Alive[0m
[0m2020-12-28 16:57:31 V/Net 692928873: Send: Heartbeat.Alive[0m
[0m2020-12-28 16:57:37 V/Net 692928873: Send: Heartbeat.Alive[0m
[0m2020-12-28 16:57:42 V/Net 692928873: Send: Heartbeat.Alive[0m
[92m2020-12-28 16:57:44 I/Net 692928873: Connected to server 42.81.172.147:443[0m
[0m2020-12-28 16:57:44 V/Net 692928873: Send: wtlogin.login[0m
[0m2020-12-28 16:57:44 V/Net 692928873: Recv: LoginPacketResponse.Success[0m
[92m2020-12-28 16:57:44 I/Net 692928873: Login successful[0m
[0m2020-12-28 16:57:44 V/Net 692928873: Send: StatSvc.register[0m
[0m2020-12-28 16:57:45 V/Net 692928873: Recv: Response(StatSvc.register)[0m
[92m2020-12-28 16:57:45 I/Net 692928873: Syncing friend message history...[0m
[0m2020-12-28 16:57:45 V/Net 692928873: Send: MessageSvc.PbGetMsg[0m
[92m2020-12-28 16:57:45 I/Net 692928873: Syncing friend message history: Success[0m
[0m2020-12-28 16:57:48 V/Net 692928873: Recv: ConfigPushSvc.PushReq.PushReqResponse.Success[0m
[0m2020-12-28 16:57:48 V/Net 692928873: Send: ConfigPushSvc.PushResp[0m
[96m2020-12-28 16:57:48 D/Net 692928873: Received unknown commandName: ConfigPushSvc.PushDomain[0m
[0m2020-12-28 16:57:48 V/Net 692928873: Recv: ConfigPushSvc.PushReq.PushReqResponse.Success[0m
[0m2020-12-28 16:57:48 V/Net 692928873: Send: ConfigPushSvc.PushResp[0m
[0m2020-12-28 16:58:45 V/Net 692928873: Send: Heartbeat.Alive[0m
[0m2020-12-28 16:58:45 V/Net 692928873: Recv: Heartbeat.Alive.Response[0m
[92m2020-12-28 21:11:16 I/Net 692928873: Connected to server 42.81.169.46:8080[0m
[0m2020-12-28 21:11:16 V/Net 692928873: Send: wtlogin.login[0m
[0m2020-12-28 21:11:17 V/Net 692928873: Recv: LoginPacketResponse.Success[0m
[92m2020-12-28 21:11:17 I/Net 692928873: Login successful[0m
[0m2020-12-28 21:11:17 V/Net 692928873: Send: StatSvc.register[0m
[0m2020-12-28 21:11:17 V/Net 692928873: Recv: Response(StatSvc.register)[0m
[0m2020-12-28 21:11:17 V/Net 692928873: Send: StatSvc.GetDevLoginInfo[0m
[0m2020-12-28 21:11:17 V/Net 692928873: Recv: StatSvc.GetDevLoginInfo.Response(deviceList.size=1)[0m
[92m2020-12-28 21:11:17 I/Net 692928873: Start loading friend list...[0m
[92m2020-12-28 21:11:17 I/Net 692928873: Start loading group list...[0m
[0m2020-12-28 21:11:17 V/Net 692928873: Send: friendlist.GetTroopListReqV2[0m
[0m2020-12-28 21:11:18 V/Net 692928873: Send: friendlist.getFriendGroupList[0m
[0m2020-12-28 21:11:18 V/Net 692928873: Recv: FriendList.GetFriendGroupList.Response[0m
[0m2020-12-28 21:11:18 V/Net 692928873: Recv: FriendList.GetFriendGroupList.Response[0m
[0m2020-12-28 21:11:18 V/Net 692928873: Loading friend list: 8/8[0m
[0m2020-12-28 21:11:18 V/Net 692928873: Send: friendlist.GetTroopMemberListReq[0m
[92m2020-12-28 21:11:18 I/Net 692928873: Successfully loaded friend list: 8 in total[0m
[0m2020-12-28 21:11:18 V/Net 692928873: Send: friendlist.GetTroopMemberListReq[0m
[0m2020-12-28 21:11:18 V/Net 692928873: Send: friendlist.GetTroopMemberListReq[0m
[0m2020-12-28 21:11:18 V/Net 692928873: Send: friendlist.GetTroopMemberListReq[0m
[0m2020-12-28 21:11:18 V/Net 692928873: Send: friendlist.GetTroopMemberListReq[0m
[0m2020-12-28 21:11:18 V/Net 692928873: Send: friendlist.GetTroopMemberListReq[0m
[0m2020-12-28 21:11:18 V/Net 692928873: Send: friendlist.GetTroopMemberListReq[0m
[0m2020-12-28 21:11:19 V/Net 692928873: Recv: FriendList.GetTroopMemberList.Response[0m
[0m2020-12-28 21:11:19 V/Net 692928873: Recv: FriendList.GetTroopMemberList.Response[0m
[0m2020-12-28 21:11:19 V/Net 692928873: Recv: FriendList.GetTroopMemberList.Response[0m
[0m2020-12-28 21:11:19 V/Net 692928873: Recv: FriendList.GetTroopMemberList.Response[0m
[0m2020-12-28 21:11:19 V/Net 692928873: Recv: FriendList.GetTroopMemberList.Response[0m
[0m2020-12-28 21:11:19 V/Net 692928873: Recv: FriendList.GetTroopMemberList.Response[0m
[0m2020-12-28 21:11:19 V/Net 692928873: Recv: FriendList.GetTroopMemberList.Response[0m
[0m2020-12-28 21:11:19 V/Net 692928873: Send: friendlist.GetTroopMemberListReq[0m
[0m2020-12-28 21:11:20 V/Net 692928873: Recv: FriendList.GetTroopMemberList.Response[0m
[92m2020-12-28 21:11:20 I/Net 692928873: Successfully loaded group list: 7 in total.[0m
[92m2020-12-28 21:11:20 I/Net 692928873: Awaiting ConfigPushSvc.PushReq.[0m
[92m2020-12-28 21:11:20 I/Net 692928873: Syncing friend message history...[0m
[0m2020-12-28 21:11:20 V/Net 692928873: Send: MessageSvc.PbGetMsg[0m
[0m2020-12-28 21:11:20 V/Net 692928873: Send: MessageSvc.PbDeleteMsg[0m
[0m2020-12-28 21:11:20 V/Net 692928873: Recv: ConfigPushSvc.PushReq.PushReqResponse.Success[0m
[92m2020-12-28 21:11:20 I/Net 692928873: Syncing friend message history: Success.[0m
[0m2020-12-28 21:11:20 V/Net 692928873: Send: ConfigPushSvc.PushResp[0m
[92m2020-12-28 21:11:20 I/Net 692928873: ConfigPushSvc.PushReq: Success.[0m
[96m2020-12-28 21:11:20 D/Net 692928873: Received unknown commandName: ConfigPushSvc.PushDomain[0m
[0m2020-12-28 21:11:20 V/Net 692928873: Recv: ConfigPushSvc.PushReq.PushReqResponse.Success[0m
[0m2020-12-28 21:11:20 V/Net 692928873: Send: ConfigPushSvc.PushResp[0m
[92m2020-12-28 21:14:53 I/Net 692928873: Connected to server 125.94.60.146:80[0m
[0m2020-12-28 21:14:54 V/Net 692928873: Send: wtlogin.login[0m
[0m2020-12-28 21:14:55 V/Net 692928873: Recv: LoginPacketResponse.Success[0m
[92m2020-12-28 21:14:55 I/Net 692928873: Login successful[0m
[0m2020-12-28 21:14:55 V/Net 692928873: Send: StatSvc.register[0m
[0m2020-12-28 21:14:56 V/Net 692928873: Recv: Response(StatSvc.register)[0m
[0m2020-12-28 21:14:56 V/Net 692928873: Send: StatSvc.GetDevLoginInfo[0m
[0m2020-12-28 21:14:56 V/Net 692928873: Recv: StatSvc.GetDevLoginInfo.Response(deviceList.size=1)[0m
[92m2020-12-28 21:14:56 I/Net 692928873: Start loading friend list...[0m
[92m2020-12-28 21:14:56 I/Net 692928873: Start loading group list...[0m
[0m2020-12-28 21:14:56 V/Net 692928873: Send: friendlist.GetTroopListReqV2[0m
[0m2020-12-28 21:14:56 V/Net 692928873: Send: friendlist.getFriendGroupList[0m
[0m2020-12-28 21:14:56 V/Net 692928873: Recv: FriendList.GetFriendGroupList.Response[0m
[0m2020-12-28 21:14:56 V/Net 692928873: Recv: FriendList.GetFriendGroupList.Response[0m
[0m2020-12-28 21:14:56 V/Net 692928873: Loading friend list: 8/8[0m
[92m2020-12-28 21:14:56 I/Net 692928873: Successfully loaded friend list: 8 in total[0m
[0m2020-12-28 21:14:56 V/Net 692928873: Send: friendlist.GetTroopMemberListReq[0m
[0m2020-12-28 21:14:56 V/Net 692928873: Send: friendlist.GetTroopMemberListReq[0m
[0m2020-12-28 21:14:56 V/Net 692928873: Send: friendlist.GetTroopMemberListReq[0m
[0m2020-12-28 21:14:56 V/Net 692928873: Send: friendlist.GetTroopMemberListReq[0m
[0m2020-12-28 21:14:56 V/Net 692928873: Send: friendlist.GetTroopMemberListReq[0m
[0m2020-12-28 21:14:56 V/Net 692928873: Send: friendlist.GetTroopMemberListReq[0m
[0m2020-12-28 21:14:56 V/Net 692928873: Send: friendlist.GetTroopMemberListReq[0m
[0m2020-12-28 21:14:57 V/Net 692928873: Recv: FriendList.GetTroopMemberList.Response[0m
[0m2020-12-28 21:14:57 V/Net 692928873: Recv: FriendList.GetTroopMemberList.Response[0m
[0m2020-12-28 21:14:57 V/Net 692928873: Recv: FriendList.GetTroopMemberList.Response[0m
[0m2020-12-28 21:14:57 V/Net 692928873: Recv: FriendList.GetTroopMemberList.Response[0m
[0m2020-12-28 21:14:57 V/Net 692928873: Send: friendlist.GetTroopMemberListReq[0m
[0m2020-12-28 21:14:57 V/Net 692928873: Recv: FriendList.GetTroopMemberList.Response[0m
[0m2020-12-28 21:14:57 V/Net 692928873: Recv: FriendList.GetTroopMemberList.Response[0m
[0m2020-12-28 21:14:57 V/Net 692928873: Recv: FriendList.GetTroopMemberList.Response[0m
[0m2020-12-28 21:14:57 V/Net 692928873: Recv: FriendList.GetTroopMemberList.Response[0m
[92m2020-12-28 21:14:57 I/Net 692928873: Successfully loaded group list: 7 in total.[0m
[92m2020-12-28 21:14:57 I/Net 692928873: Awaiting ConfigPushSvc.PushReq.[0m
[92m2020-12-28 21:14:57 I/Net 692928873: Syncing friend message history...[0m
[0m2020-12-28 21:14:57 V/Net 692928873: Send: MessageSvc.PbGetMsg[0m
[0m2020-12-28 21:14:58 V/Net 692928873: Send: MessageSvc.PbDeleteMsg[0m
[92m2020-12-28 21:14:58 I/Net 692928873: Syncing friend message history: Success.[0m
[96m2020-12-28 21:14:58 D/Net 692928873: Received unknown commandName: ConfigPushSvc.PushDomain[0m
[0m2020-12-28 21:14:58 V/Net 692928873: Recv: ConfigPushSvc.PushReq.PushReqResponse.Success[0m
[0m2020-12-28 21:14:58 V/Net 692928873: Recv: ConfigPushSvc.PushReq.PushReqResponse.Success[0m
[0m2020-12-28 21:14:58 V/Net 692928873: Send: ConfigPushSvc.PushResp[0m
[0m2020-12-28 21:14:58 V/Net 692928873: Send: ConfigPushSvc.PushResp[0m
[92m2020-12-28 21:14:58 I/Net 692928873: ConfigPushSvc.PushReq: Success.[0m
[0m2020-12-28 21:15:13 V/Net 692928873: Send: MessageSvc.PbSendMsg[0m
[0m2020-12-28 21:15:13 V/Net 692928873: Recv: MessageSvcPbSendMsg.Response.SUCCESS[0m
[0m2020-12-28 21:15:15 V/Net 692928873: Send: OnlinePush.RespPush[0m
[92m2020-12-28 21:50:10 I/Net 692928873: Connected to server 125.94.60.146:80[0m
[0m2020-12-28 21:50:11 V/Net 692928873: Send: wtlogin.login[0m
[0m2020-12-28 21:50:12 V/Net 692928873: Recv: LoginPacketResponse.Success[0m
[92m2020-12-28 21:50:12 I/Net 692928873: Login successful[0m
[0m2020-12-28 21:50:12 V/Net 692928873: Send: StatSvc.register[0m
[0m2020-12-28 21:50:12 V/Net 692928873: Recv: Response(StatSvc.register)[0m
[0m2020-12-28 21:50:12 V/Net 692928873: Send: StatSvc.GetDevLoginInfo[0m
[0m2020-12-28 21:50:13 V/Net 692928873: Recv: StatSvc.GetDevLoginInfo.Response(deviceList.size=1)[0m
[92m2020-12-28 21:50:13 I/Net 692928873: Start loading friend list...[0m
[92m2020-12-28 21:50:13 I/Net 692928873: Start loading group list...[0m
[0m2020-12-28 21:50:13 V/Net 692928873: Send: friendlist.GetTroopListReqV2[0m
[0m2020-12-28 21:50:13 V/Net 692928873: Send: friendlist.getFriendGroupList[0m
[0m2020-12-28 21:50:13 V/Net 692928873: Recv: FriendList.GetFriendGroupList.Response[0m
[0m2020-12-28 21:50:13 V/Net 692928873: Loading friend list: 8/8[0m
[0m2020-12-28 21:50:13 V/Net 692928873: Recv: FriendList.GetFriendGroupList.Response[0m
[92m2020-12-28 21:50:13 I/Net 692928873: Successfully loaded friend list: 8 in total[0m
[0m2020-12-28 21:50:13 V/Net 692928873: Send: friendlist.GetTroopMemberListReq[0m
[0m2020-12-28 21:50:13 V/Net 692928873: Send: friendlist.GetTroopMemberListReq[0m
[0m2020-12-28 21:50:13 V/Net 692928873: Send: friendlist.GetTroopMemberListReq[0m
[0m2020-12-28 21:50:13 V/Net 692928873: Send: friendlist.GetTroopMemberListReq[0m
[0m2020-12-28 21:50:13 V/Net 692928873: Send: friendlist.GetTroopMemberListReq[0m
[0m2020-12-28 21:50:13 V/Net 692928873: Send: friendlist.GetTroopMemberListReq[0m
[0m2020-12-28 21:50:13 V/Net 692928873: Send: friendlist.GetTroopMemberListReq[0m
[0m2020-12-28 21:50:14 V/Net 692928873: Recv: FriendList.GetTroopMemberList.Response[0m
[0m2020-12-28 21:50:14 V/Net 692928873: Recv: FriendList.GetTroopMemberList.Response[0m
[0m2020-12-28 21:50:14 V/Net 692928873: Recv: FriendList.GetTroopMemberList.Response[0m
[0m2020-12-28 21:50:14 V/Net 692928873: Recv: FriendList.GetTroopMemberList.Response[0m
[0m2020-12-28 21:50:14 V/Net 692928873: Recv: FriendList.GetTroopMemberList.Response[0m
[0m2020-12-28 21:50:14 V/Net 692928873: Recv: FriendList.GetTroopMemberList.Response[0m
[0m2020-12-28 21:50:14 V/Net 692928873: Recv: FriendList.GetTroopMemberList.Response[0m
[0m2020-12-28 21:50:14 V/Net 692928873: Send: friendlist.GetTroopMemberListReq[0m
[0m2020-12-28 21:50:14 V/Net 692928873: Recv: FriendList.GetTroopMemberList.Response[0m
[92m2020-12-28 21:50:14 I/Net 692928873: Successfully loaded group list: 7 in total.[0m
[92m2020-12-28 21:50:15 I/Net 692928873: Awaiting ConfigPushSvc.PushReq.[0m
[92m2020-12-28 21:50:15 I/Net 692928873: Syncing friend message history...[0m
[0m2020-12-28 21:50:15 V/Net 692928873: Send: MessageSvc.PbGetMsg[0m
[0m2020-12-28 21:50:15 V/Net 692928873: Send: MessageSvc.PbDeleteMsg[0m
[92m2020-12-28 21:50:15 I/Net 692928873: Syncing friend message history: Success.[0m
[96m2020-12-28 21:50:16 D/Net 692928873: Received unknown commandName: ConfigPushSvc.PushDomain[0m
[0m2020-12-28 21:50:16 V/Net 692928873: Recv: ConfigPushSvc.PushReq.PushReqResponse.Success[0m
[0m2020-12-28 21:50:16 V/Net 692928873: Recv: ConfigPushSvc.PushReq.PushReqResponse.Success[0m
[0m2020-12-28 21:50:16 V/Net 692928873: Send: ConfigPushSvc.PushResp[0m
[0m2020-12-28 21:50:16 V/Net 692928873: Send: ConfigPushSvc.PushResp[0m
[92m2020-12-28 21:50:16 I/Net 692928873: ConfigPushSvc.PushReq: Success.[0m
[92m2020-12-28 21:54:15 I/Net 692928873: Connected to server 42.81.172.81:80[0m
[0m2020-12-28 21:54:16 V/Net 692928873: Send: wtlogin.login[0m
[0m2020-12-28 21:54:16 V/Net 692928873: Recv: LoginPacketResponse.Success[0m
[92m2020-12-28 21:54:17 I/Net 692928873: Login successful[0m
[0m2020-12-28 21:54:17 V/Net 692928873: Send: StatSvc.register[0m
[0m2020-12-28 21:54:17 V/Net 692928873: Recv: Response(StatSvc.register)[0m
[0m2020-12-28 21:54:17 V/Net 692928873: Send: StatSvc.GetDevLoginInfo[0m
[0m2020-12-28 21:54:17 V/Net 692928873: Recv: StatSvc.GetDevLoginInfo.Response(deviceList.size=1)[0m
[92m2020-12-28 21:54:17 I/Net 692928873: Start loading friend list...[0m
[92m2020-12-28 21:54:17 I/Net 692928873: Start loading group list...[0m
[0m2020-12-28 21:54:17 V/Net 692928873: Send: friendlist.GetTroopListReqV2[0m
[0m2020-12-28 21:54:17 V/Net 692928873: Send: friendlist.getFriendGroupList[0m
[0m2020-12-28 21:54:18 V/Net 692928873: Recv: FriendList.GetFriendGroupList.Response[0m
[0m2020-12-28 21:54:18 V/Net 692928873: Loading friend list: 8/8[0m
[92m2020-12-28 21:54:18 I/Net 692928873: Successfully loaded friend list: 8 in total[0m
[0m2020-12-28 21:54:18 V/Net 692928873: Recv: FriendList.GetFriendGroupList.Response[0m
[0m2020-12-28 21:54:18 V/Net 692928873: Send: friendlist.GetTroopMemberListReq[0m
[0m2020-12-28 21:54:18 V/Net 692928873: Send: friendlist.GetTroopMemberListReq[0m
[0m2020-12-28 21:54:18 V/Net 692928873: Send: friendlist.GetTroopMemberListReq[0m
[0m2020-12-28 21:54:18 V/Net 692928873: Send: friendlist.GetTroopMemberListReq[0m
[0m2020-12-28 21:54:18 V/Net 692928873: Send: friendlist.GetTroopMemberListReq[0m
[0m2020-12-28 21:54:18 V/Net 692928873: Send: friendlist.GetTroopMemberListReq[0m
[0m2020-12-28 21:54:18 V/Net 692928873: Send: friendlist.GetTroopMemberListReq[0m
[0m2020-12-28 21:54:18 V/Net 692928873: Recv: FriendList.GetTroopMemberList.Response[0m
[0m2020-12-28 21:54:19 V/Net 692928873: Recv: FriendList.GetTroopMemberList.Response[0m
[0m2020-12-28 21:54:19 V/Net 692928873: Recv: FriendList.GetTroopMemberList.Response[0m
[0m2020-12-28 21:54:19 V/Net 692928873: Recv: FriendList.GetTroopMemberList.Response[0m
[0m2020-12-28 21:54:19 V/Net 692928873: Recv: FriendList.GetTroopMemberList.Response[0m
[0m2020-12-28 21:54:19 V/Net 692928873: Recv: FriendList.GetTroopMemberList.Response[0m
[0m2020-12-28 21:54:19 V/Net 692928873: Recv: FriendList.GetTroopMemberList.Response[0m
[0m2020-12-28 21:54:19 V/Net 692928873: Send: friendlist.GetTroopMemberListReq[0m
[0m2020-12-28 21:54:20 V/Net 692928873: Recv: FriendList.GetTroopMemberList.Response[0m
[92m2020-12-28 21:54:20 I/Net 692928873: Successfully loaded group list: 7 in total.[0m
[92m2020-12-28 21:54:20 I/Net 692928873: Awaiting ConfigPushSvc.PushReq.[0m
[92m2020-12-28 21:54:20 I/Net 692928873: Syncing friend message history...[0m
[0m2020-12-28 21:54:20 V/Net 692928873: Send: MessageSvc.PbGetMsg[0m
[96m2020-12-28 21:54:20 D/Net 692928873: Received unknown commandName: ConfigPushSvc.PushDomain[0m
[0m2020-12-28 21:54:20 V/Net 692928873: Send: MessageSvc.PbDeleteMsg[0m
[0m2020-12-28 21:54:20 V/Net 692928873: Recv: ConfigPushSvc.PushReq.PushReqResponse.Success[0m
[92m2020-12-28 21:54:20 I/Net 692928873: Syncing friend message history: Success.[0m
[0m2020-12-28 21:54:20 V/Net 692928873: Recv: ConfigPushSvc.PushReq.PushReqResponse.Success[0m
[0m2020-12-28 21:54:20 V/Net 692928873: Send: ConfigPushSvc.PushResp[0m
[92m2020-12-28 21:54:20 I/Net 692928873: ConfigPushSvc.PushReq: Success.[0m
[0m2020-12-28 21:54:20 V/Net 692928873: Send: ConfigPushSvc.PushResp[0m
[0m2020-12-28 21:54:26 V/Net 692928873: Send: MessageSvc.PbSendMsg[0m
[0m2020-12-28 21:54:26 V/Net 692928873: Recv: MessageSvcPbSendMsg.Response.SUCCESS[0m
[0m2020-12-28 21:54:41 V/Net 692928873: Send: MessageSvc.PbSendMsg[0m
[0m2020-12-28 21:54:41 V/Net 692928873: Recv: MessageSvcPbSendMsg.Response.SUCCESS[0m
[92m2020-12-28 21:58:19 I/Net 692928873: Connected to server 114.221.144.215:80[0m
[0m2020-12-28 21:58:19 V/Net 692928873: Send: wtlogin.login[0m
[0m2020-12-28 21:58:20 V/Net 692928873: Recv: LoginPacketResponse.Success[0m
[92m2020-12-28 21:58:20 I/Net 692928873: Login successful[0m
[0m2020-12-28 21:58:20 V/Net 692928873: Send: StatSvc.register[0m
[0m2020-12-28 21:58:21 V/Net 692928873: Recv: Response(StatSvc.register)[0m
[0m2020-12-28 21:58:21 V/Net 692928873: Send: StatSvc.GetDevLoginInfo[0m
[0m2020-12-28 21:58:21 V/Net 692928873: Recv: StatSvc.GetDevLoginInfo.Response(deviceList.size=1)[0m
[92m2020-12-28 21:58:21 I/Net 692928873: Start loading friend list...[0m
[92m2020-12-28 21:58:21 I/Net 692928873: Start loading group list...[0m
[0m2020-12-28 21:58:21 V/Net 692928873: Send: friendlist.GetTroopListReqV2[0m
[0m2020-12-28 21:58:21 V/Net 692928873: Send: friendlist.getFriendGroupList[0m
[0m2020-12-28 21:58:22 V/Net 692928873: Recv: FriendList.GetFriendGroupList.Response[0m
[0m2020-12-28 21:58:22 V/Net 692928873: Recv: FriendList.GetFriendGroupList.Response[0m
[0m2020-12-28 21:58:22 V/Net 692928873: Loading friend list: 8/8[0m
[92m2020-12-28 21:58:22 I/Net 692928873: Successfully loaded friend list: 8 in total[0m
[0m2020-12-28 21:58:22 V/Net 692928873: Send: friendlist.GetTroopMemberListReq[0m
[0m2020-12-28 21:58:22 V/Net 692928873: Send: friendlist.GetTroopMemberListReq[0m
[0m2020-12-28 21:58:22 V/Net 692928873: Send: friendlist.GetTroopMemberListReq[0m
[0m2020-12-28 21:58:22 V/Net 692928873: Send: friendlist.GetTroopMemberListReq[0m
[0m2020-12-28 21:58:22 V/Net 692928873: Send: friendlist.GetTroopMemberListReq[0m
[0m2020-12-28 21:58:22 V/Net 692928873: Send: friendlist.GetTroopMemberListReq[0m
[0m2020-12-28 21:58:22 V/Net 692928873: Send: friendlist.GetTroopMemberListReq[0m
[0m2020-12-28 21:58:22 V/Net 692928873: Recv: FriendList.GetTroopMemberList.Response[0m
[0m2020-12-28 21:58:23 V/Net 692928873: Recv: FriendList.GetTroopMemberList.Response[0m
[0m2020-12-28 21:58:23 V/Net 692928873: Recv: FriendList.GetTroopMemberList.Response[0m
[0m2020-12-28 21:58:23 V/Net 692928873: Recv: FriendList.GetTroopMemberList.Response[0m
[0m2020-12-28 21:58:23 V/Net 692928873: Recv: FriendList.GetTroopMemberList.Response[0m
[0m2020-12-28 21:58:23 V/Net 692928873: Recv: FriendList.GetTroopMemberList.Response[0m
[0m2020-12-28 21:58:23 V/Net 692928873: Recv: FriendList.GetTroopMemberList.Response[0m
[0m2020-12-28 21:58:23 V/Net 692928873: Send: friendlist.GetTroopMemberListReq[0m
[0m2020-12-28 21:58:23 V/Net 692928873: Recv: FriendList.GetTroopMemberList.Response[0m
[92m2020-12-28 21:58:23 I/Net 692928873: Successfully loaded group list: 7 in total.[0m
[92m2020-12-28 21:58:23 I/Net 692928873: Awaiting ConfigPushSvc.PushReq.[0m
[92m2020-12-28 21:58:23 I/Net 692928873: Syncing friend message history...[0m
[0m2020-12-28 21:58:23 V/Net 692928873: Send: MessageSvc.PbGetMsg[0m
[0m2020-12-28 21:58:24 V/Net 692928873: Recv: ConfigPushSvc.PushReq.PushReqResponse.Success[0m
[96m2020-12-28 21:58:24 D/Net 692928873: Received unknown commandName: ConfigPushSvc.PushDomain[0m
[0m2020-12-28 21:58:24 V/Net 692928873: Send: ConfigPushSvc.PushResp[0m
[0m2020-12-28 21:58:24 V/Net 692928873: Recv: ConfigPushSvc.PushReq.PushReqResponse.Success[0m
[0m2020-12-28 21:58:24 V/Net 692928873: Send: ConfigPushSvc.PushResp[0m
[92m2020-12-28 21:58:24 I/Net 692928873: ConfigPushSvc.PushReq: Success.[0m
[0m2020-12-28 21:58:24 V/Net 692928873: Send: MessageSvc.PbDeleteMsg[0m
[92m2020-12-28 21:58:24 I/Net 692928873: Syncing friend message history: Success.[0m
[0m2020-12-28 21:59:14 V/Net 692928873: Send: MessageSvc.PbSendMsg[0m
[0m2020-12-28 21:59:15 V/Net 692928873: Recv: MessageSvcPbSendMsg.Response.SUCCESS[0m
[92m2020-12-28 22:00:40 I/Net 692928873: Connected to server msfwifi.3g.qq.com:8080[0m
[0m2020-12-28 22:00:40 V/Net 692928873: Send: wtlogin.login[0m
[0m2020-12-28 22:00:40 V/Net 692928873: Recv: LoginPacketResponse.Success[0m
[92m2020-12-28 22:00:40 I/Net 692928873: Login successful[0m
[0m2020-12-28 22:00:41 V/Net 692928873: Send: StatSvc.register[0m
[0m2020-12-28 22:00:41 V/Net 692928873: Recv: Response(StatSvc.register)[0m
[0m2020-12-28 22:00:41 V/Net 692928873: Send: StatSvc.GetDevLoginInfo[0m
[0m2020-12-28 22:00:41 V/Net 692928873: Recv: StatSvc.GetDevLoginInfo.Response(deviceList.size=1)[0m
[92m2020-12-28 22:00:41 I/Net 692928873: Start loading friend list...[0m
[92m2020-12-28 22:00:41 I/Net 692928873: Start loading group list...[0m
[0m2020-12-28 22:00:41 V/Net 692928873: Send: friendlist.GetTroopListReqV2[0m
[0m2020-12-28 22:00:41 V/Net 692928873: Send: friendlist.getFriendGroupList[0m
[0m2020-12-28 22:00:42 V/Net 692928873: Recv: FriendList.GetFriendGroupList.Response[0m
[0m2020-12-28 22:00:42 V/Net 692928873: Recv: FriendList.GetFriendGroupList.Response[0m
[0m2020-12-28 22:00:42 V/Net 692928873: Loading friend list: 8/8[0m
[92m2020-12-28 22:00:42 I/Net 692928873: Successfully loaded friend list: 8 in total[0m
[0m2020-12-28 22:00:42 V/Net 692928873: Send: friendlist.GetTroopMemberListReq[0m
[0m2020-12-28 22:00:42 V/Net 692928873: Send: friendlist.GetTroopMemberListReq[0m
[0m2020-12-28 22:00:42 V/Net 692928873: Send: friendlist.GetTroopMemberListReq[0m
[0m2020-12-28 22:00:42 V/Net 692928873: Send: friendlist.GetTroopMemberListReq[0m
[0m2020-12-28 22:00:42 V/Net 692928873: Send: friendlist.GetTroopMemberListReq[0m
[0m2020-12-28 22:00:42 V/Net 692928873: Send: friendlist.GetTroopMemberListReq[0m
[0m2020-12-28 22:00:42 V/Net 692928873: Send: friendlist.GetTroopMemberListReq[0m
[0m2020-12-28 22:00:42 V/Net 692928873: Recv: FriendList.GetTroopMemberList.Response[0m
[0m2020-12-28 22:00:43 V/Net 692928873: Recv: FriendList.GetTroopMemberList.Response[0m
[0m2020-12-28 22:00:43 V/Net 692928873: Recv: FriendList.GetTroopMemberList.Response[0m
[0m2020-12-28 22:00:43 V/Net 692928873: Recv: FriendList.GetTroopMemberList.Response[0m
[0m2020-12-28 22:00:43 V/Net 692928873: Recv: FriendList.GetTroopMemberList.Response[0m
[0m2020-12-28 22:00:43 V/Net 692928873: Recv: FriendList.GetTroopMemberList.Response[0m
[0m2020-12-28 22:00:43 V/Net 692928873: Recv: FriendList.GetTroopMemberList.Response[0m
[0m2020-12-28 22:00:43 V/Net 692928873: Send: friendlist.GetTroopMemberListReq[0m
[0m2020-12-28 22:00:43 V/Net 692928873: Recv: FriendList.GetTroopMemberList.Response[0m
[92m2020-12-28 22:00:43 I/Net 692928873: Successfully loaded group list: 7 in total.[0m
[92m2020-12-28 22:00:43 I/Net 692928873: Awaiting ConfigPushSvc.PushReq.[0m
[92m2020-12-28 22:00:43 I/Net 692928873: Syncing friend message history...[0m
[0m2020-12-28 22:00:43 V/Net 692928873: Send: MessageSvc.PbGetMsg[0m
[0m2020-12-28 22:00:44 V/Net 692928873: Send: MessageSvc.PbDeleteMsg[0m
[92m2020-12-28 22:00:44 I/Net 692928873: Syncing friend message history: Success.[0m
[96m2020-12-28 22:00:44 D/Net 692928873: Received unknown commandName: ConfigPushSvc.PushDomain[0m
[0m2020-12-28 22:00:44 V/Net 692928873: Recv: ConfigPushSvc.PushReq.PushReqResponse.Success[0m
[0m2020-12-28 22:00:44 V/Net 692928873: Recv: ConfigPushSvc.PushReq.PushReqResponse.Success[0m
[0m2020-12-28 22:00:44 V/Net 692928873: Send: ConfigPushSvc.PushResp[0m
[0m2020-12-28 22:00:44 V/Net 692928873: Send: ConfigPushSvc.PushResp[0m
[92m2020-12-28 22:00:44 I/Net 692928873: ConfigPushSvc.PushReq: Success.[0m
[0m2020-12-28 22:00:59 V/Net 692928873: Send: MessageSvc.PbSendMsg[0m
[0m2020-12-28 22:00:59 V/Net 692928873: Recv: MessageSvcPbSendMsg.Response.SUCCESS[0m
[0m2020-12-28 22:01:04 V/Net 692928873: Send: MessageSvc.PbSendMsg[0m
[0m2020-12-28 22:01:04 V/Net 692928873: Recv: MessageSvcPbSendMsg.Response.SUCCESS[0m
