[92m2021-01-07 21:29:16 I/Net 692928873: Connected to server 114.221.148.59:14000[0m
[0m2021-01-07 21:29:16 V/Net 692928873: Send: wtlogin.login[0m
[0m2021-01-07 21:29:20 V/Net 692928873: Recv: LoginPacketResponse.Success[0m
[92m2021-01-07 21:29:20 I/Net 692928873: Login successful[0m
[0m2021-01-07 21:29:20 V/Net 692928873: Send: StatSvc.register[0m
[0m2021-01-07 21:29:21 V/Net 692928873: Recv: Response(StatSvc.register)[0m
[0m2021-01-07 21:29:21 V/Net 692928873: Send: StatSvc.GetDevLoginInfo[0m
[0m2021-01-07 21:29:21 V/Net 692928873: Recv: StatSvc.GetDevLoginInfo.Response(deviceList.size=1)[0m
[92m2021-01-07 21:29:21 I/Net 692928873: Start loading friend list...[0m
[92m2021-01-07 21:29:21 I/Net 692928873: Start loading group list...[0m
[0m2021-01-07 21:29:21 V/Net 692928873: Send: friendlist.GetTroopListReqV2[0m
[0m2021-01-07 21:29:21 V/Net 692928873: Send: friendlist.getFriendGroupList[0m
[0m2021-01-07 21:29:22 V/Net 692928873: Recv: FriendList.GetFriendGroupList.Response[0m
[0m2021-01-07 21:29:22 V/Net 692928873: Recv: FriendList.GetFriendGroupList.Response[0m
[0m2021-01-07 21:29:22 V/Net 692928873: Loading friend list: 8/8[0m
[92m2021-01-07 21:29:22 I/Net 692928873: Successfully loaded friend list: 8 in total[0m
[0m2021-01-07 21:29:22 V/Net 692928873: Send: friendlist.GetTroopMemberListReq[0m
[0m2021-01-07 21:29:22 V/Net 692928873: Send: friendlist.GetTroopMemberListReq[0m
[0m2021-01-07 21:29:22 V/Net 692928873: Send: friendlist.GetTroopMemberListReq[0m
[0m2021-01-07 21:29:22 V/Net 692928873: Send: friendlist.GetTroopMemberListReq[0m
[0m2021-01-07 21:29:22 V/Net 692928873: Send: friendlist.GetTroopMemberListReq[0m
[0m2021-01-07 21:29:22 V/Net 692928873: Send: friendlist.GetTroopMemberListReq[0m
[0m2021-01-07 21:29:22 V/Net 692928873: Send: friendlist.GetTroopMemberListReq[0m
[0m2021-01-07 21:29:22 V/Net 692928873: Recv: FriendList.GetTroopMemberList.Response[0m
[0m2021-01-07 21:29:23 V/Net 692928873: Recv: FriendList.GetTroopMemberList.Response[0m
[0m2021-01-07 21:29:23 V/Net 692928873: Recv: FriendList.GetTroopMemberList.Response[0m
[0m2021-01-07 21:29:23 V/Net 692928873: Recv: FriendList.GetTroopMemberList.Response[0m
[0m2021-01-07 21:29:23 V/Net 692928873: Recv: FriendList.GetTroopMemberList.Response[0m
[0m2021-01-07 21:29:23 V/Net 692928873: Recv: FriendList.GetTroopMemberList.Response[0m
[0m2021-01-07 21:29:23 V/Net 692928873: Recv: FriendList.GetTroopMemberList.Response[0m
[0m2021-01-07 21:29:23 V/Net 692928873: Send: friendlist.GetTroopMemberListReq[0m
[0m2021-01-07 21:29:23 V/Net 692928873: Recv: FriendList.GetTroopMemberList.Response[0m
[92m2021-01-07 21:29:24 I/Net 692928873: Successfully loaded group list: 7 in total.[0m
[92m2021-01-07 21:29:24 I/Net 692928873: Awaiting ConfigPushSvc.PushReq.[0m
[92m2021-01-07 21:29:24 I/Net 692928873: Syncing friend message history...[0m
[96m2021-01-07 21:29:24 D/Net 692928873: Received unknown commandName: ConfigPushSvc.PushDomain[0m
[0m2021-01-07 21:29:24 V/Net 692928873: Send: MessageSvc.PbGetMsg[0m
[0m2021-01-07 21:29:25 V/Net 692928873: Recv: ConfigPushSvc.PushReq.PushReqResponse.Success[0m
[0m2021-01-07 21:29:25 V/Net 692928873: Recv: ConfigPushSvc.PushReq.PushReqResponse.Success[0m
[0m2021-01-07 21:29:25 V/Net 692928873: Send: ConfigPushSvc.PushResp[0m
[0m2021-01-07 21:29:25 V/Net 692928873: Send: ConfigPushSvc.PushResp[0m
[92m2021-01-07 21:29:25 I/Net 692928873: Syncing friend message history: Success.[0m
[92m2021-01-07 21:29:25 I/Net 692928873: ConfigPushSvc.PushReq: Success.[0m
[96m2021-01-07 21:29:31 D/Net 692928873: Received unknown commandName: QualityTest.PushList[0m
[92m2021-01-07 21:30:08 I/Net 692928873: Connected to server 42.81.172.147:443[0m
[0m2021-01-07 21:30:08 V/Net 692928873: Send: wtlogin.login[0m
[0m2021-01-07 21:30:09 V/Net 692928873: Recv: LoginPacketResponse.Success[0m
[92m2021-01-07 21:30:09 I/Net 692928873: Login successful[0m
[0m2021-01-07 21:30:09 V/Net 692928873: Send: StatSvc.register[0m
[0m2021-01-07 21:30:09 V/Net 692928873: Recv: Response(StatSvc.register)[0m
[0m2021-01-07 21:30:09 V/Net 692928873: Send: StatSvc.GetDevLoginInfo[0m
[0m2021-01-07 21:30:09 V/Net 692928873: Recv: StatSvc.GetDevLoginInfo.Response(deviceList.size=1)[0m
[92m2021-01-07 21:30:09 I/Net 692928873: Start loading group list...[0m
[92m2021-01-07 21:30:09 I/Net 692928873: Start loading friend list...[0m
[0m2021-01-07 21:30:10 V/Net 692928873: Send: friendlist.GetTroopListReqV2[0m
[0m2021-01-07 21:30:10 V/Net 692928873: Send: friendlist.getFriendGroupList[0m
[0m2021-01-07 21:30:10 V/Net 692928873: Recv: FriendList.GetFriendGroupList.Response[0m
[0m2021-01-07 21:30:10 V/Net 692928873: Recv: FriendList.GetFriendGroupList.Response[0m
[0m2021-01-07 21:30:10 V/Net 692928873: Loading friend list: 8/8[0m
[0m2021-01-07 21:30:10 V/Net 692928873: Send: friendlist.GetTroopMemberListReq[0m
[0m2021-01-07 21:30:10 V/Net 692928873: Send: friendlist.GetTroopMemberListReq[0m
[0m2021-01-07 21:30:10 V/Net 692928873: Send: friendlist.GetTroopMemberListReq[0m
[92m2021-01-07 21:30:10 I/Net 692928873: Successfully loaded friend list: 8 in total[0m
[0m2021-01-07 21:30:10 V/Net 692928873: Send: friendlist.GetTroopMemberListReq[0m
[0m2021-01-07 21:30:10 V/Net 692928873: Send: friendlist.GetTroopMemberListReq[0m
[0m2021-01-07 21:30:10 V/Net 692928873: Send: friendlist.GetTroopMemberListReq[0m
[0m2021-01-07 21:30:10 V/Net 692928873: Send: friendlist.GetTroopMemberListReq[0m
[0m2021-01-07 21:30:10 V/Net 692928873: Recv: FriendList.GetTroopMemberList.Response[0m
[0m2021-01-07 21:30:10 V/Net 692928873: Recv: FriendList.GetTroopMemberList.Response[0m
[0m2021-01-07 21:30:10 V/Net 692928873: Recv: FriendList.GetTroopMemberList.Response[0m
[0m2021-01-07 21:30:10 V/Net 692928873: Recv: FriendList.GetTroopMemberList.Response[0m
[0m2021-01-07 21:30:10 V/Net 692928873: Recv: FriendList.GetTroopMemberList.Response[0m
[0m2021-01-07 21:30:10 V/Net 692928873: Recv: FriendList.GetTroopMemberList.Response[0m
[0m2021-01-07 21:30:11 V/Net 692928873: Recv: FriendList.GetTroopMemberList.Response[0m
[0m2021-01-07 21:30:11 V/Net 692928873: Send: friendlist.GetTroopMemberListReq[0m
[0m2021-01-07 21:30:11 V/Net 692928873: Recv: FriendList.GetTroopMemberList.Response[0m
[92m2021-01-07 21:30:11 I/Net 692928873: Successfully loaded group list: 7 in total.[0m
[92m2021-01-07 21:30:11 I/Net 692928873: Awaiting ConfigPushSvc.PushReq.[0m
[92m2021-01-07 21:30:11 I/Net 692928873: Syncing friend message history...[0m
[0m2021-01-07 21:30:11 V/Net 692928873: Send: MessageSvc.PbGetMsg[0m
[92m2021-01-07 21:30:11 I/Net 692928873: Syncing friend message history: Success.[0m
[0m2021-01-07 21:30:12 V/Net 692928873: Recv: ConfigPushSvc.PushReq.PushReqResponse.Success[0m
[0m2021-01-07 21:30:12 V/Net 692928873: Send: ConfigPushSvc.PushResp[0m
[92m2021-01-07 21:30:12 I/Net 692928873: ConfigPushSvc.PushReq: Success.[0m
[96m2021-01-07 21:30:17 D/Net 692928873: Received unknown commandName: ConfigPushSvc.PushDomain[0m
[0m2021-01-07 21:30:17 V/Net 692928873: Recv: ConfigPushSvc.PushReq.PushReqResponse.Success[0m
[0m2021-01-07 21:30:17 V/Net 692928873: Send: ConfigPushSvc.PushResp[0m
[92m2021-01-07 21:32:31 I/Net 692928873: Connected to server 125.94.60.146:80[0m
[0m2021-01-07 21:32:31 V/Net 692928873: Send: wtlogin.login[0m
[0m2021-01-07 21:32:32 V/Net 692928873: Recv: LoginPacketResponse.Success[0m
[92m2021-01-07 21:32:32 I/Net 692928873: Login successful[0m
[0m2021-01-07 21:32:32 V/Net 692928873: Send: StatSvc.register[0m
[0m2021-01-07 21:32:32 V/Net 692928873: Recv: Response(StatSvc.register)[0m
[0m2021-01-07 21:32:32 V/Net 692928873: Send: StatSvc.GetDevLoginInfo[0m
[0m2021-01-07 21:32:32 V/Net 692928873: Recv: StatSvc.GetDevLoginInfo.Response(deviceList.size=1)[0m
[92m2021-01-07 21:32:32 I/Net 692928873: Start loading friend list...[0m
[92m2021-01-07 21:32:32 I/Net 692928873: Start loading group list...[0m
[0m2021-01-07 21:32:32 V/Net 692928873: Send: friendlist.GetTroopListReqV2[0m
[0m2021-01-07 21:32:32 V/Net 692928873: Send: friendlist.getFriendGroupList[0m
[0m2021-01-07 21:32:33 V/Net 692928873: Recv: FriendList.GetFriendGroupList.Response[0m
[0m2021-01-07 21:32:33 V/Net 692928873: Recv: FriendList.GetFriendGroupList.Response[0m
[0m2021-01-07 21:32:33 V/Net 692928873: Loading friend list: 8/8[0m
[0m2021-01-07 21:32:33 V/Net 692928873: Send: friendlist.GetTroopMemberListReq[0m
[0m2021-01-07 21:32:33 V/Net 692928873: Send: friendlist.GetTroopMemberListReq[0m
[0m2021-01-07 21:32:33 V/Net 692928873: Send: friendlist.GetTroopMemberListReq[0m
[92m2021-01-07 21:32:33 I/Net 692928873: Successfully loaded friend list: 8 in total[0m
[0m2021-01-07 21:32:33 V/Net 692928873: Send: friendlist.GetTroopMemberListReq[0m
[0m2021-01-07 21:32:33 V/Net 692928873: Send: friendlist.GetTroopMemberListReq[0m
[0m2021-01-07 21:32:33 V/Net 692928873: Send: friendlist.GetTroopMemberListReq[0m
[0m2021-01-07 21:32:33 V/Net 692928873: Send: friendlist.GetTroopMemberListReq[0m
[0m2021-01-07 21:32:33 V/Net 692928873: Recv: FriendList.GetTroopMemberList.Response[0m
[0m2021-01-07 21:32:33 V/Net 692928873: Recv: FriendList.GetTroopMemberList.Response[0m
[0m2021-01-07 21:32:33 V/Net 692928873: Recv: FriendList.GetTroopMemberList.Response[0m
[0m2021-01-07 21:32:33 V/Net 692928873: Recv: FriendList.GetTroopMemberList.Response[0m
[0m2021-01-07 21:32:33 V/Net 692928873: Recv: FriendList.GetTroopMemberList.Response[0m
[0m2021-01-07 21:32:33 V/Net 692928873: Recv: FriendList.GetTroopMemberList.Response[0m
[0m2021-01-07 21:32:33 V/Net 692928873: Recv: FriendList.GetTroopMemberList.Response[0m
[0m2021-01-07 21:32:33 V/Net 692928873: Send: friendlist.GetTroopMemberListReq[0m
[0m2021-01-07 21:32:33 V/Net 692928873: Recv: FriendList.GetTroopMemberList.Response[0m
[92m2021-01-07 21:32:33 I/Net 692928873: Successfully loaded group list: 7 in total.[0m
[92m2021-01-07 21:32:33 I/Net 692928873: Awaiting ConfigPushSvc.PushReq.[0m
[92m2021-01-07 21:32:33 I/Net 692928873: Syncing friend message history...[0m
[0m2021-01-07 21:32:33 V/Net 692928873: Send: MessageSvc.PbGetMsg[0m
[92m2021-01-07 21:32:33 I/Net 692928873: Syncing friend message history: Success.[0m
[96m2021-01-07 21:32:35 D/Net 692928873: Received unknown commandName: ConfigPushSvc.PushDomain[0m
[0m2021-01-07 21:32:35 V/Net 692928873: Recv: ConfigPushSvc.PushReq.PushReqResponse.Success[0m
[0m2021-01-07 21:32:35 V/Net 692928873: Recv: ConfigPushSvc.PushReq.PushReqResponse.Success[0m
[0m2021-01-07 21:32:35 V/Net 692928873: Send: ConfigPushSvc.PushResp[0m
[0m2021-01-07 21:32:35 V/Net 692928873: Send: ConfigPushSvc.PushResp[0m
[92m2021-01-07 21:32:35 I/Net 692928873: ConfigPushSvc.PushReq: Success.[0m
[92m2021-01-07 21:36:38 I/Net 692928873: Connected to server 42.81.172.22:80[0m
[0m2021-01-07 21:36:39 V/Net 692928873: Send: wtlogin.login[0m
[0m2021-01-07 21:36:39 V/Net 692928873: Recv: LoginPacketResponse.Success[0m
[92m2021-01-07 21:36:39 I/Net 692928873: Login successful[0m
[0m2021-01-07 21:36:39 V/Net 692928873: Send: StatSvc.register[0m
[0m2021-01-07 21:36:39 V/Net 692928873: Recv: Response(StatSvc.register)[0m
[0m2021-01-07 21:36:40 V/Net 692928873: Send: StatSvc.GetDevLoginInfo[0m
[0m2021-01-07 21:36:40 V/Net 692928873: Recv: StatSvc.GetDevLoginInfo.Response(deviceList.size=1)[0m
[92m2021-01-07 21:36:40 I/Net 692928873: Start loading friend list...[0m
[92m2021-01-07 21:36:40 I/Net 692928873: Start loading group list...[0m
[0m2021-01-07 21:36:40 V/Net 692928873: Send: friendlist.GetTroopListReqV2[0m
[0m2021-01-07 21:36:41 V/Net 692928873: Send: friendlist.getFriendGroupList[0m
[0m2021-01-07 21:36:41 V/Net 692928873: Recv: FriendList.GetFriendGroupList.Response[0m
[0m2021-01-07 21:36:41 V/Net 692928873: Loading friend list: 8/8[0m
[0m2021-01-07 21:36:41 V/Net 692928873: Recv: FriendList.GetFriendGroupList.Response[0m
[92m2021-01-07 21:36:41 I/Net 692928873: Successfully loaded friend list: 8 in total[0m
[0m2021-01-07 21:36:42 V/Net 692928873: Send: friendlist.GetTroopMemberListReq[0m
[0m2021-01-07 21:36:42 V/Net 692928873: Send: friendlist.GetTroopMemberListReq[0m
[0m2021-01-07 21:36:42 V/Net 692928873: Send: friendlist.GetTroopMemberListReq[0m
[0m2021-01-07 21:36:42 V/Net 692928873: Send: friendlist.GetTroopMemberListReq[0m
[0m2021-01-07 21:36:42 V/Net 692928873: Send: friendlist.GetTroopMemberListReq[0m
[0m2021-01-07 21:36:41 V/Net 692928873: Send: friendlist.GetTroopMemberListReq[0m
[0m2021-01-07 21:36:42 V/Net 692928873: Send: friendlist.GetTroopMemberListReq[0m
[0m2021-01-07 21:36:42 V/Net 692928873: Recv: FriendList.GetTroopMemberList.Response[0m
[0m2021-01-07 21:36:42 V/Net 692928873: Recv: FriendList.GetTroopMemberList.Response[0m
[0m2021-01-07 21:36:42 V/Net 692928873: Recv: FriendList.GetTroopMemberList.Response[0m
[0m2021-01-07 21:36:43 V/Net 692928873: Recv: FriendList.GetTroopMemberList.Response[0m
[0m2021-01-07 21:36:43 V/Net 692928873: Recv: FriendList.GetTroopMemberList.Response[0m
[0m2021-01-07 21:36:43 V/Net 692928873: Recv: FriendList.GetTroopMemberList.Response[0m
[0m2021-01-07 21:36:43 V/Net 692928873: Send: friendlist.GetTroopMemberListReq[0m
[96m2021-01-07 21:36:43 D/Net 692928873: Received unknown commandName: ConfigPushSvc.PushDomain[0m
[0m2021-01-07 21:36:43 V/Net 692928873: Recv: FriendList.GetTroopMemberList.Response[0m
[0m2021-01-07 21:36:43 V/Net 692928873: Recv: FriendList.GetTroopMemberList.Response[0m
[0m2021-01-07 21:36:43 V/Net 692928873: Recv: ConfigPushSvc.PushReq.PushReqResponse.Success[0m
[0m2021-01-07 21:36:43 V/Net 692928873: Recv: ConfigPushSvc.PushReq.PushReqResponse.Success[0m
[92m2021-01-07 21:36:43 I/Net 692928873: Successfully loaded group list: 7 in total.[0m
[0m2021-01-07 21:36:43 V/Net 692928873: Send: ConfigPushSvc.PushResp[0m
[0m2021-01-07 21:36:43 V/Net 692928873: Send: ConfigPushSvc.PushResp[0m
[92m2021-01-07 21:36:43 I/Net 692928873: Awaiting ConfigPushSvc.PushReq.[0m
[92m2021-01-07 21:36:43 I/Net 692928873: Syncing friend message history...[0m
[0m2021-01-07 21:36:44 V/Net 692928873: Send: MessageSvc.PbGetMsg[0m
[92m2021-01-07 21:36:44 I/Net 692928873: Syncing friend message history: Success.[0m
[92m2021-01-07 21:36:53 I/Net 692928873: Missing ConfigPushSvc.PushReq.[0m
[92m2021-01-07 21:42:55 I/Net 692928873: Connected to server 114.221.148.59:14000[0m
[0m2021-01-07 21:42:55 V/Net 692928873: Send: wtlogin.login[0m
[0m2021-01-07 21:42:57 V/Net 692928873: Recv: LoginPacketResponse.Success[0m
[92m2021-01-07 21:42:57 I/Net 692928873: Login successful[0m
[92m2021-01-07 21:43:54 I/Net 692928873: Connected to server 125.94.60.146:80[0m
[0m2021-01-07 21:43:54 V/Net 692928873: Send: wtlogin.login[0m
[0m2021-01-07 21:43:55 V/Net 692928873: Recv: LoginPacketResponse.Success[0m
[92m2021-01-07 21:43:55 I/Net 692928873: Login successful[0m
[0m2021-01-07 21:43:55 V/Net 692928873: Send: StatSvc.register[0m
[0m2021-01-07 21:43:55 V/Net 692928873: Recv: Response(StatSvc.register)[0m
[0m2021-01-07 21:43:55 V/Net 692928873: Send: StatSvc.GetDevLoginInfo[0m
[0m2021-01-07 21:43:55 V/Net 692928873: Recv: StatSvc.GetDevLoginInfo.Response(deviceList.size=1)[0m
[92m2021-01-07 21:43:55 I/Net 692928873: Start loading friend list...[0m
[92m2021-01-07 21:43:55 I/Net 692928873: Start loading group list...[0m
[0m2021-01-07 21:43:55 V/Net 692928873: Send: friendlist.GetTroopListReqV2[0m
[0m2021-01-07 21:43:55 V/Net 692928873: Send: friendlist.getFriendGroupList[0m
[0m2021-01-07 21:43:55 V/Net 692928873: Recv: FriendList.GetFriendGroupList.Response[0m
[0m2021-01-07 21:43:55 V/Net 692928873: Loading friend list: 8/8[0m
[92m2021-01-07 21:43:55 I/Net 692928873: Successfully loaded friend list: 8 in total[0m
[0m2021-01-07 21:43:55 V/Net 692928873: Recv: FriendList.GetFriendGroupList.Response[0m
[0m2021-01-07 21:43:55 V/Net 692928873: Send: friendlist.GetTroopMemberListReq[0m
[0m2021-01-07 21:43:55 V/Net 692928873: Send: friendlist.GetTroopMemberListReq[0m
[0m2021-01-07 21:43:55 V/Net 692928873: Send: friendlist.GetTroopMemberListReq[0m
[0m2021-01-07 21:43:55 V/Net 692928873: Send: friendlist.GetTroopMemberListReq[0m
[0m2021-01-07 21:43:55 V/Net 692928873: Send: friendlist.GetTroopMemberListReq[0m
[0m2021-01-07 21:43:55 V/Net 692928873: Send: friendlist.GetTroopMemberListReq[0m
[0m2021-01-07 21:43:55 V/Net 692928873: Send: friendlist.GetTroopMemberListReq[0m
[0m2021-01-07 21:43:55 V/Net 692928873: Recv: FriendList.GetTroopMemberList.Response[0m
[0m2021-01-07 21:43:56 V/Net 692928873: Recv: FriendList.GetTroopMemberList.Response[0m
[0m2021-01-07 21:43:56 V/Net 692928873: Recv: FriendList.GetTroopMemberList.Response[0m
[0m2021-01-07 21:43:56 V/Net 692928873: Recv: FriendList.GetTroopMemberList.Response[0m
[0m2021-01-07 21:43:56 V/Net 692928873: Recv: FriendList.GetTroopMemberList.Response[0m
[0m2021-01-07 21:43:56 V/Net 692928873: Recv: FriendList.GetTroopMemberList.Response[0m
[0m2021-01-07 21:43:56 V/Net 692928873: Recv: FriendList.GetTroopMemberList.Response[0m
[0m2021-01-07 21:43:56 V/Net 692928873: Send: friendlist.GetTroopMemberListReq[0m
[0m2021-01-07 21:43:56 V/Net 692928873: Recv: FriendList.GetTroopMemberList.Response[0m
[92m2021-01-07 21:43:56 I/Net 692928873: Successfully loaded group list: 7 in total.[0m
[92m2021-01-07 21:43:56 I/Net 692928873: Syncing friend message history...[0m
[92m2021-01-07 21:43:56 I/Net 692928873: Awaiting ConfigPushSvc.PushReq.[0m
[0m2021-01-07 21:43:56 V/Net 692928873: Send: MessageSvc.PbGetMsg[0m
[92m2021-01-07 21:43:56 I/Net 692928873: Syncing friend message history: Success.[0m
[96m2021-01-07 21:43:58 D/Net 692928873: Received unknown commandName: ConfigPushSvc.PushDomain[0m
[0m2021-01-07 21:43:59 V/Net 692928873: Recv: ConfigPushSvc.PushReq.PushReqResponse.Success[0m
[0m2021-01-07 21:43:59 V/Net 692928873: Recv: ConfigPushSvc.PushReq.PushReqResponse.Success[0m
[0m2021-01-07 21:43:59 V/Net 692928873: Send: ConfigPushSvc.PushResp[0m
[0m2021-01-07 21:43:59 V/Net 692928873: Send: ConfigPushSvc.PushResp[0m
[92m2021-01-07 21:43:59 I/Net 692928873: ConfigPushSvc.PushReq: Success.[0m
[92m2021-01-07 21:45:30 I/Net 692928873: Connected to server 114.221.148.59:14000[0m
[0m2021-01-07 21:45:31 V/Net 692928873: Send: wtlogin.login[0m
[0m2021-01-07 21:45:31 V/Net 692928873: Recv: LoginPacketResponse.Success[0m
[92m2021-01-07 21:45:31 I/Net 692928873: Login successful[0m
[0m2021-01-07 21:45:31 V/Net 692928873: Send: StatSvc.register[0m
[0m2021-01-07 21:45:32 V/Net 692928873: Recv: Response(StatSvc.register)[0m
[0m2021-01-07 21:45:32 V/Net 692928873: Send: StatSvc.GetDevLoginInfo[0m
[0m2021-01-07 21:45:32 V/Net 692928873: Recv: StatSvc.GetDevLoginInfo.Response(deviceList.size=1)[0m
[92m2021-01-07 21:45:32 I/Net 692928873: Start loading friend list...[0m
[92m2021-01-07 21:45:32 I/Net 692928873: Start loading group list...[0m
[0m2021-01-07 21:45:32 V/Net 692928873: Send: friendlist.GetTroopListReqV2[0m
[0m2021-01-07 21:45:32 V/Net 692928873: Send: friendlist.getFriendGroupList[0m
[0m2021-01-07 21:45:32 V/Net 692928873: Recv: FriendList.GetFriendGroupList.Response[0m
[0m2021-01-07 21:45:32 V/Net 692928873: Recv: FriendList.GetFriendGroupList.Response[0m
[0m2021-01-07 21:45:32 V/Net 692928873: Send: friendlist.GetTroopMemberListReq[0m
[0m2021-01-07 21:45:32 V/Net 692928873: Send: friendlist.GetTroopMemberListReq[0m
[0m2021-01-07 21:45:32 V/Net 692928873: Send: friendlist.GetTroopMemberListReq[0m
[0m2021-01-07 21:45:32 V/Net 692928873: Send: friendlist.GetTroopMemberListReq[0m
[0m2021-01-07 21:45:32 V/Net 692928873: Send: friendlist.GetTroopMemberListReq[0m
[0m2021-01-07 21:45:32 V/Net 692928873: Send: friendlist.GetTroopMemberListReq[0m
[0m2021-01-07 21:45:32 V/Net 692928873: Send: friendlist.GetTroopMemberListReq[0m
[0m2021-01-07 21:45:32 V/Net 692928873: Loading friend list: 8/8[0m
[92m2021-01-07 21:45:32 I/Net 692928873: Successfully loaded friend list: 8 in total[0m
[0m2021-01-07 21:45:32 V/Net 692928873: Recv: FriendList.GetTroopMemberList.Response[0m
[0m2021-01-07 21:45:32 V/Net 692928873: Recv: FriendList.GetTroopMemberList.Response[0m
[0m2021-01-07 21:45:33 V/Net 692928873: Recv: FriendList.GetTroopMemberList.Response[0m
[0m2021-01-07 21:45:33 V/Net 692928873: Recv: FriendList.GetTroopMemberList.Response[0m
[0m2021-01-07 21:45:33 V/Net 692928873: Recv: FriendList.GetTroopMemberList.Response[0m
[0m2021-01-07 21:45:33 V/Net 692928873: Recv: FriendList.GetTroopMemberList.Response[0m
[0m2021-01-07 21:45:33 V/Net 692928873: Recv: FriendList.GetTroopMemberList.Response[0m
[0m2021-01-07 21:45:33 V/Net 692928873: Send: friendlist.GetTroopMemberListReq[0m
[0m2021-01-07 21:45:33 V/Net 692928873: Recv: FriendList.GetTroopMemberList.Response[0m
[92m2021-01-07 21:45:33 I/Net 692928873: Successfully loaded group list: 7 in total.[0m
[92m2021-01-07 21:45:33 I/Net 692928873: Syncing friend message history...[0m
[92m2021-01-07 21:45:33 I/Net 692928873: Awaiting ConfigPushSvc.PushReq.[0m
[0m2021-01-07 21:45:33 V/Net 692928873: Send: MessageSvc.PbGetMsg[0m
[92m2021-01-07 21:45:33 I/Net 692928873: Syncing friend message history: Success.[0m
[96m2021-01-07 21:45:35 D/Net 692928873: Received unknown commandName: ConfigPushSvc.PushDomain[0m
[0m2021-01-07 21:45:35 V/Net 692928873: Recv: ConfigPushSvc.PushReq.PushReqResponse.Success[0m
[0m2021-01-07 21:45:35 V/Net 692928873: Recv: ConfigPushSvc.PushReq.PushReqResponse.Success[0m
[0m2021-01-07 21:45:35 V/Net 692928873: Send: ConfigPushSvc.PushResp[0m
[0m2021-01-07 21:45:35 V/Net 692928873: Send: ConfigPushSvc.PushResp[0m
[92m2021-01-07 21:45:35 I/Net 692928873: ConfigPushSvc.PushReq: Success.[0m
[92m2021-01-07 22:01:59 I/Net 692928873: Connected to server 42.81.169.46:8080[0m
[0m2021-01-07 22:02:00 V/Net 692928873: Send: wtlogin.login[0m
[0m2021-01-07 22:02:00 V/Net 692928873: Recv: LoginPacketResponse.Success[0m
[92m2021-01-07 22:02:00 I/Net 692928873: Login successful[0m
[0m2021-01-07 22:02:00 V/Net 692928873: Send: StatSvc.register[0m
[0m2021-01-07 22:02:00 V/Net 692928873: Recv: Response(StatSvc.register)[0m
[0m2021-01-07 22:02:00 V/Net 692928873: Send: StatSvc.GetDevLoginInfo[0m
[0m2021-01-07 22:02:00 V/Net 692928873: Recv: StatSvc.GetDevLoginInfo.Response(deviceList.size=1)[0m
[92m2021-01-07 22:02:00 I/Net 692928873: Start loading group list...[0m
[92m2021-01-07 22:02:00 I/Net 692928873: Start loading friend list...[0m
[0m2021-01-07 22:02:00 V/Net 692928873: Send: friendlist.GetTroopListReqV2[0m
[0m2021-01-07 22:02:00 V/Net 692928873: Send: friendlist.getFriendGroupList[0m
[0m2021-01-07 22:02:01 V/Net 692928873: Recv: FriendList.GetFriendGroupList.Response[0m
[0m2021-01-07 22:02:01 V/Net 692928873: Recv: FriendList.GetFriendGroupList.Response[0m
[0m2021-01-07 22:02:01 V/Net 692928873: Loading friend list: 8/8[0m
[0m2021-01-07 22:02:01 V/Net 692928873: Send: friendlist.GetTroopMemberListReq[0m
[0m2021-01-07 22:02:01 V/Net 692928873: Send: friendlist.GetTroopMemberListReq[0m
[92m2021-01-07 22:04:43 I/Net 692928873: Connected to server 114.221.144.215:80[0m
[0m2021-01-07 22:04:44 V/Net 692928873: Send: wtlogin.login[0m
[0m2021-01-07 22:04:44 V/Net 692928873: Recv: LoginPacketResponse.Success[0m
[92m2021-01-07 22:04:44 I/Net 692928873: Login successful[0m
[0m2021-01-07 22:04:44 V/Net 692928873: Send: StatSvc.register[0m
[0m2021-01-07 22:04:44 V/Net 692928873: Recv: Response(StatSvc.register)[0m
[0m2021-01-07 22:04:44 V/Net 692928873: Send: StatSvc.GetDevLoginInfo[0m
[0m2021-01-07 22:04:44 V/Net 692928873: Recv: StatSvc.GetDevLoginInfo.Response(deviceList.size=1)[0m
[92m2021-01-07 22:04:45 I/Net 692928873: Start loading friend list...[0m
[92m2021-01-07 22:04:45 I/Net 692928873: Start loading group list...[0m
[0m2021-01-07 22:04:45 V/Net 692928873: Send: friendlist.GetTroopListReqV2[0m
[0m2021-01-07 22:04:45 V/Net 692928873: Send: friendlist.getFriendGroupList[0m
[0m2021-01-07 22:04:45 V/Net 692928873: Recv: FriendList.GetFriendGroupList.Response[0m
[0m2021-01-07 22:04:45 V/Net 692928873: Recv: FriendList.GetFriendGroupList.Response[0m
[0m2021-01-07 22:04:45 V/Net 692928873: Send: friendlist.GetTroopMemberListReq[0m
[0m2021-01-07 22:04:45 V/Net 692928873: Loading friend list: 8/8[0m
[0m2021-01-07 22:04:45 V/Net 692928873: Send: friendlist.GetTroopMemberListReq[0m
[0m2021-01-07 22:04:45 V/Net 692928873: Send: friendlist.GetTroopMemberListReq[0m
[0m2021-01-07 22:04:45 V/Net 692928873: Send: friendlist.GetTroopMemberListReq[0m
[92m2021-01-07 22:04:45 I/Net 692928873: Successfully loaded friend list: 8 in total[0m
[0m2021-01-07 22:04:45 V/Net 692928873: Send: friendlist.GetTroopMemberListReq[0m
[0m2021-01-07 22:04:45 V/Net 692928873: Send: friendlist.GetTroopMemberListReq[0m
[0m2021-01-07 22:04:45 V/Net 692928873: Send: friendlist.GetTroopMemberListReq[0m
[0m2021-01-07 22:04:45 V/Net 692928873: Recv: FriendList.GetTroopMemberList.Response[0m
[0m2021-01-07 22:04:45 V/Net 692928873: Recv: FriendList.GetTroopMemberList.Response[0m
[0m2021-01-07 22:04:45 V/Net 692928873: Recv: FriendList.GetTroopMemberList.Response[0m
[0m2021-01-07 22:04:45 V/Net 692928873: Recv: FriendList.GetTroopMemberList.Response[0m
[0m2021-01-07 22:04:45 V/Net 692928873: Recv: FriendList.GetTroopMemberList.Response[0m
[0m2021-01-07 22:04:45 V/Net 692928873: Recv: FriendList.GetTroopMemberList.Response[0m
[0m2021-01-07 22:04:45 V/Net 692928873: Send: friendlist.GetTroopMemberListReq[0m
[0m2021-01-07 22:04:45 V/Net 692928873: Recv: FriendList.GetTroopMemberList.Response[0m
[0m2021-01-07 22:04:45 V/Net 692928873: Recv: FriendList.GetTroopMemberList.Response[0m
[92m2021-01-07 22:04:45 I/Net 692928873: Successfully loaded group list: 7 in total.[0m
[92m2021-01-07 22:04:45 I/Net 692928873: Syncing friend message history...[0m
[92m2021-01-07 22:04:45 I/Net 692928873: Awaiting ConfigPushSvc.PushReq.[0m
[0m2021-01-07 22:04:46 V/Net 692928873: Send: MessageSvc.PbGetMsg[0m
[92m2021-01-07 22:04:46 I/Net 692928873: Syncing friend message history: Success.[0m
[96m2021-01-07 22:04:48 D/Net 692928873: Received unknown commandName: ConfigPushSvc.PushDomain[0m
[0m2021-01-07 22:04:49 V/Net 692928873: Recv: ConfigPushSvc.PushReq.PushReqResponse.Success[0m
[0m2021-01-07 22:04:49 V/Net 692928873: Recv: ConfigPushSvc.PushReq.PushReqResponse.Success[0m
[0m2021-01-07 22:04:49 V/Net 692928873: Send: ConfigPushSvc.PushResp[0m
[0m2021-01-07 22:04:49 V/Net 692928873: Send: ConfigPushSvc.PushResp[0m
[92m2021-01-07 22:04:49 I/Net 692928873: ConfigPushSvc.PushReq: Success.[0m
[92m2021-01-07 22:44:41 I/Net 692928873: Connected to server 114.221.144.215:80[0m
[0m2021-01-07 22:44:42 V/Net 692928873: Send: wtlogin.login[0m
[0m2021-01-07 22:44:44 V/Net 692928873: Recv: LoginPacketResponse.Success[0m
[92m2021-01-07 22:44:44 I/Net 692928873: Login successful[0m
[0m2021-01-07 22:44:44 V/Net 692928873: Send: StatSvc.register[0m
[0m2021-01-07 22:44:45 V/Net 692928873: Recv: Response(StatSvc.register)[0m
[0m2021-01-07 22:44:45 V/Net 692928873: Send: StatSvc.GetDevLoginInfo[0m
[0m2021-01-07 22:44:45 V/Net 692928873: Recv: StatSvc.GetDevLoginInfo.Response(deviceList.size=1)[0m
[92m2021-01-07 22:44:45 I/Net 692928873: Start loading friend list...[0m
[92m2021-01-07 22:44:45 I/Net 692928873: Start loading group list...[0m
[0m2021-01-07 22:44:45 V/Net 692928873: Send: friendlist.GetTroopListReqV2[0m
[0m2021-01-07 22:44:45 V/Net 692928873: Send: friendlist.getFriendGroupList[0m
[0m2021-01-07 22:44:46 V/Net 692928873: Recv: FriendList.GetFriendGroupList.Response[0m
[0m2021-01-07 22:44:46 V/Net 692928873: Recv: FriendList.GetFriendGroupList.Response[0m
[0m2021-01-07 22:44:46 V/Net 692928873: Send: friendlist.GetTroopMemberListReq[0m
[0m2021-01-07 22:44:46 V/Net 692928873: Send: friendlist.GetTroopMemberListReq[0m
[0m2021-01-07 22:44:46 V/Net 692928873: Send: friendlist.GetTroopMemberListReq[0m
[0m2021-01-07 22:44:46 V/Net 692928873: Send: friendlist.GetTroopMemberListReq[0m
[0m2021-01-07 22:44:46 V/Net 692928873: Send: friendlist.GetTroopMemberListReq[0m
[0m2021-01-07 22:44:46 V/Net 692928873: Send: friendlist.GetTroopMemberListReq[0m
[0m2021-01-07 22:44:46 V/Net 692928873: Send: friendlist.GetTroopMemberListReq[0m
[0m2021-01-07 22:44:46 V/Net 692928873: Loading friend list: 8/8[0m
[92m2021-01-07 22:44:46 I/Net 692928873: Successfully loaded friend list: 8 in total[0m
[0m2021-01-07 22:44:47 V/Net 692928873: Recv: FriendList.GetTroopMemberList.Response[0m
[0m2021-01-07 22:44:47 V/Net 692928873: Recv: FriendList.GetTroopMemberList.Response[0m
[0m2021-01-07 22:44:47 V/Net 692928873: Recv: FriendList.GetTroopMemberList.Response[0m
[0m2021-01-07 22:44:47 V/Net 692928873: Recv: FriendList.GetTroopMemberList.Response[0m
[0m2021-01-07 22:44:47 V/Net 692928873: Send: friendlist.GetTroopMemberListReq[0m
[0m2021-01-07 22:44:47 V/Net 692928873: Recv: FriendList.GetTroopMemberList.Response[0m
[0m2021-01-07 22:44:47 V/Net 692928873: Recv: FriendList.GetTroopMemberList.Response[0m
[0m2021-01-07 22:44:47 V/Net 692928873: Recv: FriendList.GetTroopMemberList.Response[0m
[0m2021-01-07 22:44:47 V/Net 692928873: Recv: FriendList.GetTroopMemberList.Response[0m
[92m2021-01-07 22:44:47 I/Net 692928873: Successfully loaded group list: 7 in total.[0m
[92m2021-01-07 22:44:47 I/Net 692928873: Awaiting ConfigPushSvc.PushReq.[0m
[92m2021-01-07 22:44:47 I/Net 692928873: Syncing friend message history...[0m
[0m2021-01-07 22:44:47 V/Net 692928873: Send: MessageSvc.PbGetMsg[0m
[92m2021-01-07 22:44:47 I/Net 692928873: Syncing friend message history: Success.[0m
[96m2021-01-07 22:44:48 D/Net 692928873: Received unknown commandName: ConfigPushSvc.PushDomain[0m
[0m2021-01-07 22:44:49 V/Net 692928873: Recv: ConfigPushSvc.PushReq.PushReqResponse.Success[0m
[0m2021-01-07 22:44:49 V/Net 692928873: Recv: ConfigPushSvc.PushReq.PushReqResponse.Success[0m
[0m2021-01-07 22:44:49 V/Net 692928873: Send: ConfigPushSvc.PushResp[0m
[0m2021-01-07 22:44:49 V/Net 692928873: Send: ConfigPushSvc.PushResp[0m
[92m2021-01-07 22:44:49 I/Net 692928873: ConfigPushSvc.PushReq: Success.[0m
[0m2021-01-07 22:45:00 V/Net 692928873: Send: MessageSvc.PbSendMsg[0m
[0m2021-01-07 22:45:01 V/Net 692928873: Recv: MessageSvcPbSendMsg.Response.SUCCESS[0m
[0m2021-01-07 22:45:04 V/Net 692928873: Send: MessageSvc.PbSendMsg[0m
[0m2021-01-07 22:45:05 V/Net 692928873: Recv: MessageSvcPbSendMsg.Response.SUCCESS[0m
[0m2021-01-07 22:45:08 V/Net 692928873: Send: OnlinePush.RespPush[0m
[92m2021-01-07 22:45:39 I/Net 692928873: Connected to server 114.221.148.59:14000[0m
[0m2021-01-07 22:45:39 V/Net 692928873: Send: wtlogin.login[0m
[0m2021-01-07 22:45:40 V/Net 692928873: Recv: LoginPacketResponse.Success[0m
[92m2021-01-07 22:45:40 I/Net 692928873: Login successful[0m
[0m2021-01-07 22:45:41 V/Net 692928873: Send: StatSvc.register[0m
[0m2021-01-07 22:45:42 V/Net 692928873: Recv: Response(StatSvc.register)[0m
[0m2021-01-07 22:45:42 V/Net 692928873: Send: StatSvc.GetDevLoginInfo[0m
[0m2021-01-07 22:45:43 V/Net 692928873: Recv: StatSvc.GetDevLoginInfo.Response(deviceList.size=1)[0m
[92m2021-01-07 22:45:43 I/Net 692928873: Start loading friend list...[0m
[92m2021-01-07 22:45:43 I/Net 692928873: Start loading group list...[0m
[0m2021-01-07 22:45:43 V/Net 692928873: Send: friendlist.GetTroopListReqV2[0m
[0m2021-01-07 22:45:43 V/Net 692928873: Send: friendlist.getFriendGroupList[0m
[0m2021-01-07 22:45:44 V/Net 692928873: Recv: FriendList.GetFriendGroupList.Response[0m
[0m2021-01-07 22:45:44 V/Net 692928873: Loading friend list: 8/8[0m
[92m2021-01-07 22:45:44 I/Net 692928873: Successfully loaded friend list: 8 in total[0m
[0m2021-01-07 22:45:44 V/Net 692928873: Recv: FriendList.GetFriendGroupList.Response[0m
[0m2021-01-07 22:45:44 V/Net 692928873: Send: friendlist.GetTroopMemberListReq[0m
[0m2021-01-07 22:45:44 V/Net 692928873: Send: friendlist.GetTroopMemberListReq[0m
[0m2021-01-07 22:45:44 V/Net 692928873: Send: friendlist.GetTroopMemberListReq[0m
[0m2021-01-07 22:45:44 V/Net 692928873: Send: friendlist.GetTroopMemberListReq[0m
[0m2021-01-07 22:45:44 V/Net 692928873: Send: friendlist.GetTroopMemberListReq[0m
[0m2021-01-07 22:45:44 V/Net 692928873: Send: friendlist.GetTroopMemberListReq[0m
[0m2021-01-07 22:45:44 V/Net 692928873: Send: friendlist.GetTroopMemberListReq[0m
[0m2021-01-07 22:45:44 V/Net 692928873: Recv: FriendList.GetTroopMemberList.Response[0m
[0m2021-01-07 22:45:44 V/Net 692928873: Recv: FriendList.GetTroopMemberList.Response[0m
[0m2021-01-07 22:45:44 V/Net 692928873: Recv: FriendList.GetTroopMemberList.Response[0m
[0m2021-01-07 22:45:44 V/Net 692928873: Recv: FriendList.GetTroopMemberList.Response[0m
[0m2021-01-07 22:45:44 V/Net 692928873: Recv: FriendList.GetTroopMemberList.Response[0m
[0m2021-01-07 22:45:44 V/Net 692928873: Recv: FriendList.GetTroopMemberList.Response[0m
[0m2021-01-07 22:45:45 V/Net 692928873: Recv: FriendList.GetTroopMemberList.Response[0m
[0m2021-01-07 22:45:45 V/Net 692928873: Send: friendlist.GetTroopMemberListReq[0m
[0m2021-01-07 22:45:45 V/Net 692928873: Recv: FriendList.GetTroopMemberList.Response[0m
[0m2021-01-07 22:45:45 V/Net 692928873: Recv: ConfigPushSvc.PushReq.PushReqResponse.Success[0m
[0m2021-01-07 22:45:45 V/Net 692928873: Send: ConfigPushSvc.PushResp[0m
[92m2021-01-07 22:45:45 I/Net 692928873: Successfully loaded group list: 7 in total.[0m
[92m2021-01-07 22:45:45 I/Net 692928873: Syncing friend message history...[0m
[92m2021-01-07 22:45:45 I/Net 692928873: Awaiting ConfigPushSvc.PushReq.[0m
[0m2021-01-07 22:45:45 V/Net 692928873: Send: MessageSvc.PbGetMsg[0m
[92m2021-01-07 22:45:45 I/Net 692928873: Syncing friend message history: Success.[0m
[96m2021-01-07 22:45:48 D/Net 692928873: Received unknown commandName: ConfigPushSvc.PushDomain[0m
[0m2021-01-07 22:45:48 V/Net 692928873: Recv: ConfigPushSvc.PushReq.PushReqResponse.Success[0m
[0m2021-01-07 22:45:48 V/Net 692928873: Send: ConfigPushSvc.PushResp[0m
[92m2021-01-07 22:45:48 I/Net 692928873: ConfigPushSvc.PushReq: Success.[0m
[0m2021-01-07 22:47:30 V/Net 692928873: Send: MessageSvc.PbSendMsg[0m
[0m2021-01-07 22:47:30 V/Net 692928873: Recv: MessageSvcPbSendMsg.Response.SUCCESS[0m
