[92m2021-01-12 20:47:48 I/Net 692928873: Connected to server 114.221.144.215:80[0m
[0m2021-01-12 20:47:48 V/Net 692928873: Send: wtlogin.login[0m
[0m2021-01-12 20:47:50 V/Net 692928873: Recv: LoginPacketResponse.Success[0m
[92m2021-01-12 20:47:50 I/Net 692928873: Login successful[0m
[0m2021-01-12 20:47:51 V/Net 692928873: Send: StatSvc.register[0m
[0m2021-01-12 20:47:51 V/Net 692928873: Recv: Response(StatSvc.register)[0m
[0m2021-01-12 20:47:51 V/Net 692928873: Send: StatSvc.GetDevLoginInfo[0m
[0m2021-01-12 20:47:51 V/Net 692928873: Recv: StatSvc.GetDevLoginInfo.Response(deviceList.size=1)[0m
[92m2021-01-12 20:47:51 I/Net 692928873: Start loading friend list...[0m
[92m2021-01-12 20:47:51 I/Net 692928873: Start loading group list...[0m
[0m2021-01-12 20:47:52 V/Net 692928873: Send: friendlist.GetTroopListReqV2[0m
[0m2021-01-12 20:47:52 V/Net 692928873: Send: friendlist.getFriendGroupList[0m
[0m2021-01-12 20:47:52 V/Net 692928873: Recv: FriendList.GetFriendGroupList.Response[0m
[0m2021-01-12 20:47:52 V/Net 692928873: Recv: FriendList.GetFriendGroupList.Response[0m
[0m2021-01-12 20:47:52 V/Net 692928873: Loading friend list: 8/8[0m
[0m2021-01-12 20:47:52 V/Net 692928873: Send: friendlist.GetTroopMemberListReq[0m
[0m2021-01-12 20:47:52 V/Net 692928873: Send: friendlist.GetTroopMemberListReq[0m
[0m2021-01-12 20:47:52 V/Net 692928873: Send: friendlist.GetTroopMemberListReq[0m
[0m2021-01-12 20:47:52 V/Net 692928873: Send: friendlist.GetTroopMemberListReq[0m
[92m2021-01-12 20:47:52 I/Net 692928873: Successfully loaded friend list: 8 in total[0m
[0m2021-01-12 20:47:52 V/Net 692928873: Send: friendlist.GetTroopMemberListReq[0m
[0m2021-01-12 20:47:52 V/Net 692928873: Send: friendlist.GetTroopMemberListReq[0m
[0m2021-01-12 20:47:52 V/Net 692928873: Send: friendlist.GetTroopMemberListReq[0m
[0m2021-01-12 20:47:52 V/Net 692928873: Recv: FriendList.GetTroopMemberList.Response[0m
[0m2021-01-12 20:47:52 V/Net 692928873: Recv: FriendList.GetTroopMemberList.Response[0m
[0m2021-01-12 20:47:53 V/Net 692928873: Recv: FriendList.GetTroopMemberList.Response[0m
[0m2021-01-12 20:47:53 V/Net 692928873: Recv: FriendList.GetTroopMemberList.Response[0m
[0m2021-01-12 20:47:53 V/Net 692928873: Recv: FriendList.GetTroopMemberList.Response[0m
[0m2021-01-12 20:47:53 V/Net 692928873: Recv: FriendList.GetTroopMemberList.Response[0m
[0m2021-01-12 20:47:53 V/Net 692928873: Recv: FriendList.GetTroopMemberList.Response[0m
[0m2021-01-12 20:47:53 V/Net 692928873: Send: friendlist.GetTroopMemberListReq[0m
[0m2021-01-12 20:47:53 V/Net 692928873: Recv: FriendList.GetTroopMemberList.Response[0m
[92m2021-01-12 20:47:53 I/Net 692928873: Successfully loaded group list: 7 in total.[0m
[92m2021-01-12 20:47:53 I/Net 692928873: Syncing friend message history...[0m
[92m2021-01-12 20:47:53 I/Net 692928873: Awaiting ConfigPushSvc.PushReq.[0m
[0m2021-01-12 20:47:53 V/Net 692928873: Send: MessageSvc.PbGetMsg[0m
[92m2021-01-12 20:47:53 I/Net 692928873: Syncing friend message history: Success.[0m
[96m2021-01-12 20:47:54 D/Net 692928873: Received unknown commandName: ConfigPushSvc.PushDomain[0m
[0m2021-01-12 20:47:54 V/Net 692928873: Recv: ConfigPushSvc.PushReq.PushReqResponse.Success[0m
[0m2021-01-12 20:47:54 V/Net 692928873: Recv: ConfigPushSvc.PushReq.PushReqResponse.Success[0m
[0m2021-01-12 20:47:54 V/Net 692928873: Send: ConfigPushSvc.PushResp[0m
[0m2021-01-12 20:47:54 V/Net 692928873: Send: ConfigPushSvc.PushResp[0m
[92m2021-01-12 20:47:54 I/Net 692928873: ConfigPushSvc.PushReq: Success.[0m
[96m2021-01-12 20:48:01 D/Net 692928873: Received unknown commandName: QualityTest.PushList[0m
[92m2021-01-12 21:00:45 I/Net 692928873: Connected to server 42.81.169.46:8080[0m
[0m2021-01-12 21:00:45 V/Net 692928873: Send: wtlogin.login[0m
[0m2021-01-12 21:00:46 V/Net 692928873: Recv: LoginPacketResponse.Success[0m
[92m2021-01-12 21:00:46 I/Net 692928873: Login successful[0m
[0m2021-01-12 21:00:47 V/Net 692928873: Send: StatSvc.register[0m
[0m2021-01-12 21:00:47 V/Net 692928873: Recv: Response(StatSvc.register)[0m
[0m2021-01-12 21:00:47 V/Net 692928873: Send: StatSvc.GetDevLoginInfo[0m
[0m2021-01-12 21:00:47 V/Net 692928873: Recv: StatSvc.GetDevLoginInfo.Response(deviceList.size=1)[0m
[92m2021-01-12 21:00:47 I/Net 692928873: Start loading friend list...[0m
[92m2021-01-12 21:00:47 I/Net 692928873: Start loading group list...[0m
[0m2021-01-12 21:00:47 V/Net 692928873: Send: friendlist.GetTroopListReqV2[0m
[0m2021-01-12 21:00:47 V/Net 692928873: Send: friendlist.getFriendGroupList[0m
[0m2021-01-12 21:00:48 V/Net 692928873: Recv: FriendList.GetFriendGroupList.Response[0m
[0m2021-01-12 21:00:48 V/Net 692928873: Recv: FriendList.GetFriendGroupList.Response[0m
[0m2021-01-12 21:00:48 V/Net 692928873: Send: friendlist.GetTroopMemberListReq[0m
[0m2021-01-12 21:00:48 V/Net 692928873: Send: friendlist.GetTroopMemberListReq[0m
[0m2021-01-12 21:00:48 V/Net 692928873: Loading friend list: 8/8[0m
[0m2021-01-12 21:00:48 V/Net 692928873: Send: friendlist.GetTroopMemberListReq[0m
[92m2021-01-12 21:00:48 I/Net 692928873: Successfully loaded friend list: 8 in total[0m
[0m2021-01-12 21:00:48 V/Net 692928873: Send: friendlist.GetTroopMemberListReq[0m
[0m2021-01-12 21:00:48 V/Net 692928873: Send: friendlist.GetTroopMemberListReq[0m
[0m2021-01-12 21:00:48 V/Net 692928873: Send: friendlist.GetTroopMemberListReq[0m
[0m2021-01-12 21:00:48 V/Net 692928873: Send: friendlist.GetTroopMemberListReq[0m
[0m2021-01-12 21:00:48 V/Net 692928873: Recv: FriendList.GetTroopMemberList.Response[0m
[0m2021-01-12 21:00:48 V/Net 692928873: Recv: FriendList.GetTroopMemberList.Response[0m
[0m2021-01-12 21:00:48 V/Net 692928873: Recv: FriendList.GetTroopMemberList.Response[0m
[0m2021-01-12 21:00:48 V/Net 692928873: Recv: FriendList.GetTroopMemberList.Response[0m
[0m2021-01-12 21:00:49 V/Net 692928873: Recv: FriendList.GetTroopMemberList.Response[0m
[0m2021-01-12 21:00:49 V/Net 692928873: Recv: FriendList.GetTroopMemberList.Response[0m
[0m2021-01-12 21:00:49 V/Net 692928873: Recv: FriendList.GetTroopMemberList.Response[0m
[0m2021-01-12 21:00:49 V/Net 692928873: Send: friendlist.GetTroopMemberListReq[0m
[0m2021-01-12 21:00:49 V/Net 692928873: Recv: FriendList.GetTroopMemberList.Response[0m
[92m2021-01-12 21:00:49 I/Net 692928873: Successfully loaded group list: 7 in total.[0m
[92m2021-01-12 21:00:49 I/Net 692928873: Syncing friend message history...[0m
[92m2021-01-12 21:00:49 I/Net 692928873: Awaiting ConfigPushSvc.PushReq.[0m
[0m2021-01-12 21:00:49 V/Net 692928873: Send: MessageSvc.PbGetMsg[0m
[92m2021-01-12 21:00:49 I/Net 692928873: Syncing friend message history: Success.[0m
[96m2021-01-12 21:00:50 D/Net 692928873: Received unknown commandName: ConfigPushSvc.PushDomain[0m
[0m2021-01-12 21:00:50 V/Net 692928873: Recv: ConfigPushSvc.PushReq.PushReqResponse.Success[0m
[0m2021-01-12 21:00:50 V/Net 692928873: Recv: ConfigPushSvc.PushReq.PushReqResponse.Success[0m
[0m2021-01-12 21:00:50 V/Net 692928873: Send: ConfigPushSvc.PushResp[0m
[0m2021-01-12 21:00:50 V/Net 692928873: Send: ConfigPushSvc.PushResp[0m
[92m2021-01-12 21:00:50 I/Net 692928873: ConfigPushSvc.PushReq: Success.[0m
[92m2021-01-12 21:02:16 I/Net 692928873: Connected to server 125.94.60.146:80[0m
[0m2021-01-12 21:02:16 V/Net 692928873: Send: wtlogin.login[0m
[0m2021-01-12 21:02:17 V/Net 692928873: Recv: LoginPacketResponse.Success[0m
[92m2021-01-12 21:02:17 I/Net 692928873: Login successful[0m
[0m2021-01-12 21:02:17 V/Net 692928873: Send: StatSvc.register[0m
[0m2021-01-12 21:02:17 V/Net 692928873: Recv: Response(StatSvc.register)[0m
[0m2021-01-12 21:02:17 V/Net 692928873: Send: StatSvc.GetDevLoginInfo[0m
[0m2021-01-12 21:02:17 V/Net 692928873: Recv: StatSvc.GetDevLoginInfo.Response(deviceList.size=1)[0m
[92m2021-01-12 21:02:17 I/Net 692928873: Start loading friend list...[0m
[92m2021-01-12 21:02:17 I/Net 692928873: Start loading group list...[0m
[0m2021-01-12 21:02:17 V/Net 692928873: Send: friendlist.GetTroopListReqV2[0m
[0m2021-01-12 21:02:17 V/Net 692928873: Send: friendlist.getFriendGroupList[0m
[0m2021-01-12 21:02:18 V/Net 692928873: Recv: FriendList.GetFriendGroupList.Response[0m
[0m2021-01-12 21:02:18 V/Net 692928873: Loading friend list: 8/8[0m
[0m2021-01-12 21:02:18 V/Net 692928873: Recv: FriendList.GetFriendGroupList.Response[0m
[92m2021-01-12 21:02:18 I/Net 692928873: Successfully loaded friend list: 8 in total[0m
[0m2021-01-12 21:02:18 V/Net 692928873: Send: friendlist.GetTroopMemberListReq[0m
[0m2021-01-12 21:02:18 V/Net 692928873: Send: friendlist.GetTroopMemberListReq[0m
[0m2021-01-12 21:02:18 V/Net 692928873: Send: friendlist.GetTroopMemberListReq[0m
[0m2021-01-12 21:02:18 V/Net 692928873: Send: friendlist.GetTroopMemberListReq[0m
[0m2021-01-12 21:02:18 V/Net 692928873: Send: friendlist.GetTroopMemberListReq[0m
[0m2021-01-12 21:02:18 V/Net 692928873: Send: friendlist.GetTroopMemberListReq[0m
[0m2021-01-12 21:02:18 V/Net 692928873: Send: friendlist.GetTroopMemberListReq[0m
[0m2021-01-12 21:02:18 V/Net 692928873: Recv: FriendList.GetTroopMemberList.Response[0m
[0m2021-01-12 21:02:19 V/Net 692928873: Recv: FriendList.GetTroopMemberList.Response[0m
[0m2021-01-12 21:02:19 V/Net 692928873: Recv: FriendList.GetTroopMemberList.Response[0m
[0m2021-01-12 21:02:19 V/Net 692928873: Recv: FriendList.GetTroopMemberList.Response[0m
[0m2021-01-12 21:02:19 V/Net 692928873: Recv: FriendList.GetTroopMemberList.Response[0m
[0m2021-01-12 21:02:19 V/Net 692928873: Send: friendlist.GetTroopMemberListReq[0m
[0m2021-01-12 21:02:19 V/Net 692928873: Recv: FriendList.GetTroopMemberList.Response[0m
[0m2021-01-12 21:02:19 V/Net 692928873: Recv: FriendList.GetTroopMemberList.Response[0m
[0m2021-01-12 21:02:19 V/Net 692928873: Recv: FriendList.GetTroopMemberList.Response[0m
[92m2021-01-12 21:02:19 I/Net 692928873: Successfully loaded group list: 7 in total.[0m
[92m2021-01-12 21:02:19 I/Net 692928873: Syncing friend message history...[0m
[92m2021-01-12 21:02:19 I/Net 692928873: Awaiting ConfigPushSvc.PushReq.[0m
[0m2021-01-12 21:02:19 V/Net 692928873: Send: MessageSvc.PbGetMsg[0m
[92m2021-01-12 21:02:19 I/Net 692928873: Syncing friend message history: Success.[0m
[96m2021-01-12 21:02:20 D/Net 692928873: Received unknown commandName: ConfigPushSvc.PushDomain[0m
[0m2021-01-12 21:02:20 V/Net 692928873: Recv: ConfigPushSvc.PushReq.PushReqResponse.Success[0m
[0m2021-01-12 21:02:20 V/Net 692928873: Recv: ConfigPushSvc.PushReq.PushReqResponse.Success[0m
[0m2021-01-12 21:02:20 V/Net 692928873: Send: ConfigPushSvc.PushResp[0m
[92m2021-01-12 21:02:20 I/Net 692928873: ConfigPushSvc.PushReq: Success.[0m
[0m2021-01-12 21:02:20 V/Net 692928873: Send: ConfigPushSvc.PushResp[0m
[92m2021-01-12 21:03:50 I/Net 692928873: Connected to server 42.81.172.22:80[0m
[0m2021-01-12 21:03:51 V/Net 692928873: Send: wtlogin.login[0m
[0m2021-01-12 21:03:51 V/Net 692928873: Recv: LoginPacketResponse.Success[0m
[92m2021-01-12 21:03:51 I/Net 692928873: Login successful[0m
[0m2021-01-12 21:03:52 V/Net 692928873: Send: StatSvc.register[0m
[0m2021-01-12 21:03:52 V/Net 692928873: Recv: Response(StatSvc.register)[0m
[0m2021-01-12 21:03:52 V/Net 692928873: Send: StatSvc.GetDevLoginInfo[0m
[0m2021-01-12 21:03:52 V/Net 692928873: Recv: StatSvc.GetDevLoginInfo.Response(deviceList.size=1)[0m
[92m2021-01-12 21:03:52 I/Net 692928873: Start loading friend list...[0m
[92m2021-01-12 21:03:52 I/Net 692928873: Start loading group list...[0m
[0m2021-01-12 21:03:52 V/Net 692928873: Send: friendlist.GetTroopListReqV2[0m
[0m2021-01-12 21:03:52 V/Net 692928873: Send: friendlist.getFriendGroupList[0m
[0m2021-01-12 21:03:53 V/Net 692928873: Recv: FriendList.GetFriendGroupList.Response[0m
[0m2021-01-12 21:03:53 V/Net 692928873: Recv: FriendList.GetFriendGroupList.Response[0m
[0m2021-01-12 21:03:53 V/Net 692928873: Loading friend list: 8/8[0m
[92m2021-01-12 21:03:53 I/Net 692928873: Successfully loaded friend list: 8 in total[0m
[0m2021-01-12 21:03:53 V/Net 692928873: Send: friendlist.GetTroopMemberListReq[0m
[0m2021-01-12 21:03:53 V/Net 692928873: Send: friendlist.GetTroopMemberListReq[0m
[0m2021-01-12 21:03:53 V/Net 692928873: Send: friendlist.GetTroopMemberListReq[0m
[0m2021-01-12 21:03:53 V/Net 692928873: Send: friendlist.GetTroopMemberListReq[0m
[0m2021-01-12 21:03:53 V/Net 692928873: Send: friendlist.GetTroopMemberListReq[0m
[0m2021-01-12 21:03:53 V/Net 692928873: Send: friendlist.GetTroopMemberListReq[0m
[0m2021-01-12 21:03:53 V/Net 692928873: Send: friendlist.GetTroopMemberListReq[0m
[0m2021-01-12 21:03:53 V/Net 692928873: Recv: FriendList.GetTroopMemberList.Response[0m
[0m2021-01-12 21:03:53 V/Net 692928873: Recv: FriendList.GetTroopMemberList.Response[0m
[0m2021-01-12 21:03:53 V/Net 692928873: Recv: FriendList.GetTroopMemberList.Response[0m
[0m2021-01-12 21:03:53 V/Net 692928873: Recv: FriendList.GetTroopMemberList.Response[0m
[0m2021-01-12 21:03:54 V/Net 692928873: Recv: FriendList.GetTroopMemberList.Response[0m
[0m2021-01-12 21:03:54 V/Net 692928873: Recv: FriendList.GetTroopMemberList.Response[0m
[0m2021-01-12 21:03:54 V/Net 692928873: Recv: FriendList.GetTroopMemberList.Response[0m
[0m2021-01-12 21:03:54 V/Net 692928873: Send: friendlist.GetTroopMemberListReq[0m
[0m2021-01-12 21:03:54 V/Net 692928873: Recv: FriendList.GetTroopMemberList.Response[0m
[92m2021-01-12 21:03:54 I/Net 692928873: Successfully loaded group list: 7 in total.[0m
[92m2021-01-12 21:03:54 I/Net 692928873: Awaiting ConfigPushSvc.PushReq.[0m
[92m2021-01-12 21:03:54 I/Net 692928873: Syncing friend message history...[0m
[0m2021-01-12 21:03:54 V/Net 692928873: Send: MessageSvc.PbGetMsg[0m
[92m2021-01-12 21:03:54 I/Net 692928873: Syncing friend message history: Success.[0m
[96m2021-01-12 21:03:55 D/Net 692928873: Received unknown commandName: ConfigPushSvc.PushDomain[0m
[0m2021-01-12 21:03:55 V/Net 692928873: Recv: ConfigPushSvc.PushReq.PushReqResponse.Success[0m
[0m2021-01-12 21:03:55 V/Net 692928873: Recv: ConfigPushSvc.PushReq.PushReqResponse.Success[0m
[0m2021-01-12 21:03:55 V/Net 692928873: Send: ConfigPushSvc.PushResp[0m
[0m2021-01-12 21:03:55 V/Net 692928873: Send: ConfigPushSvc.PushResp[0m
[92m2021-01-12 21:03:55 I/Net 692928873: ConfigPushSvc.PushReq: Success.[0m
[92m2021-01-12 21:06:26 I/Net 692928873: Connected to server 114.221.148.59:14000[0m
[0m2021-01-12 21:06:27 V/Net 692928873: Send: wtlogin.login[0m
[0m2021-01-12 21:06:28 V/Net 692928873: Recv: LoginPacketResponse.Success[0m
[92m2021-01-12 21:06:28 I/Net 692928873: Login successful[0m
[0m2021-01-12 21:06:28 V/Net 692928873: Send: StatSvc.register[0m
[0m2021-01-12 21:06:28 V/Net 692928873: Recv: Response(StatSvc.register)[0m
[0m2021-01-12 21:06:28 V/Net 692928873: Send: StatSvc.GetDevLoginInfo[0m
[0m2021-01-12 21:06:28 V/Net 692928873: Recv: StatSvc.GetDevLoginInfo.Response(deviceList.size=1)[0m
[92m2021-01-12 21:06:29 I/Net 692928873: Start loading friend list...[0m
[92m2021-01-12 21:06:29 I/Net 692928873: Start loading group list...[0m
[0m2021-01-12 21:06:29 V/Net 692928873: Send: friendlist.GetTroopListReqV2[0m
[0m2021-01-12 21:06:29 V/Net 692928873: Send: friendlist.getFriendGroupList[0m
[0m2021-01-12 21:06:29 V/Net 692928873: Recv: FriendList.GetFriendGroupList.Response[0m
[0m2021-01-12 21:06:29 V/Net 692928873: Recv: FriendList.GetFriendGroupList.Response[0m
[0m2021-01-12 21:06:29 V/Net 692928873: Loading friend list: 8/8[0m
[92m2021-01-12 21:06:29 I/Net 692928873: Successfully loaded friend list: 8 in total[0m
[0m2021-01-12 21:06:29 V/Net 692928873: Send: friendlist.GetTroopMemberListReq[0m
[0m2021-01-12 21:06:29 V/Net 692928873: Send: friendlist.GetTroopMemberListReq[0m
[0m2021-01-12 21:06:29 V/Net 692928873: Send: friendlist.GetTroopMemberListReq[0m
[0m2021-01-12 21:06:29 V/Net 692928873: Send: friendlist.GetTroopMemberListReq[0m
[0m2021-01-12 21:06:29 V/Net 692928873: Send: friendlist.GetTroopMemberListReq[0m
[0m2021-01-12 21:06:29 V/Net 692928873: Send: friendlist.GetTroopMemberListReq[0m
[0m2021-01-12 21:06:29 V/Net 692928873: Send: friendlist.GetTroopMemberListReq[0m
[0m2021-01-12 21:06:30 V/Net 692928873: Recv: FriendList.GetTroopMemberList.Response[0m
[0m2021-01-12 21:06:30 V/Net 692928873: Recv: FriendList.GetTroopMemberList.Response[0m
[0m2021-01-12 21:06:30 V/Net 692928873: Recv: FriendList.GetTroopMemberList.Response[0m
[0m2021-01-12 21:06:30 V/Net 692928873: Recv: FriendList.GetTroopMemberList.Response[0m
[0m2021-01-12 21:06:30 V/Net 692928873: Recv: FriendList.GetTroopMemberList.Response[0m
[0m2021-01-12 21:06:30 V/Net 692928873: Recv: FriendList.GetTroopMemberList.Response[0m
[0m2021-01-12 21:06:30 V/Net 692928873: Recv: FriendList.GetTroopMemberList.Response[0m
[0m2021-01-12 21:06:30 V/Net 692928873: Send: friendlist.GetTroopMemberListReq[0m
[0m2021-01-12 21:06:30 V/Net 692928873: Recv: FriendList.GetTroopMemberList.Response[0m
[92m2021-01-12 21:06:30 I/Net 692928873: Successfully loaded group list: 7 in total.[0m
[92m2021-01-12 21:06:31 I/Net 692928873: Awaiting ConfigPushSvc.PushReq.[0m
[92m2021-01-12 21:06:31 I/Net 692928873: Syncing friend message history...[0m
[0m2021-01-12 21:06:31 V/Net 692928873: Send: MessageSvc.PbGetMsg[0m
[92m2021-01-12 21:06:31 I/Net 692928873: Syncing friend message history: Success.[0m
[96m2021-01-12 21:06:31 D/Net 692928873: Received unknown commandName: ConfigPushSvc.PushDomain[0m
[0m2021-01-12 21:06:31 V/Net 692928873: Recv: ConfigPushSvc.PushReq.PushReqResponse.Success[0m
[0m2021-01-12 21:06:31 V/Net 692928873: Recv: ConfigPushSvc.PushReq.PushReqResponse.Success[0m
[0m2021-01-12 21:06:31 V/Net 692928873: Send: ConfigPushSvc.PushResp[0m
[0m2021-01-12 21:06:31 V/Net 692928873: Send: ConfigPushSvc.PushResp[0m
[92m2021-01-12 21:06:31 I/Net 692928873: ConfigPushSvc.PushReq: Success.[0m
[92m2021-01-12 21:08:52 I/Net 692928873: Connected to server 42.81.169.46:8080[0m
[0m2021-01-12 21:08:52 V/Net 692928873: Send: wtlogin.login[0m
[0m2021-01-12 21:08:53 V/Net 692928873: Recv: LoginPacketResponse.Success[0m
[92m2021-01-12 21:08:53 I/Net 692928873: Login successful[0m
[0m2021-01-12 21:08:53 V/Net 692928873: Send: StatSvc.register[0m
[0m2021-01-12 21:08:53 V/Net 692928873: Recv: Response(StatSvc.register)[0m
[0m2021-01-12 21:08:53 V/Net 692928873: Send: StatSvc.GetDevLoginInfo[0m
[0m2021-01-12 21:08:53 V/Net 692928873: Recv: StatSvc.GetDevLoginInfo.Response(deviceList.size=1)[0m
[92m2021-01-12 21:08:53 I/Net 692928873: Start loading friend list...[0m
[92m2021-01-12 21:08:53 I/Net 692928873: Start loading group list...[0m
[0m2021-01-12 21:08:54 V/Net 692928873: Send: friendlist.GetTroopListReqV2[0m
[0m2021-01-12 21:08:54 V/Net 692928873: Send: friendlist.getFriendGroupList[0m
[0m2021-01-12 21:08:54 V/Net 692928873: Recv: FriendList.GetFriendGroupList.Response[0m
[0m2021-01-12 21:08:54 V/Net 692928873: Loading friend list: 8/8[0m
[92m2021-01-12 21:08:54 I/Net 692928873: Successfully loaded friend list: 8 in total[0m
[0m2021-01-12 21:08:54 V/Net 692928873: Recv: FriendList.GetFriendGroupList.Response[0m
[0m2021-01-12 21:08:54 V/Net 692928873: Send: friendlist.GetTroopMemberListReq[0m
[0m2021-01-12 21:08:54 V/Net 692928873: Send: friendlist.GetTroopMemberListReq[0m
[0m2021-01-12 21:08:54 V/Net 692928873: Send: friendlist.GetTroopMemberListReq[0m
[0m2021-01-12 21:08:54 V/Net 692928873: Send: friendlist.GetTroopMemberListReq[0m
[0m2021-01-12 21:08:54 V/Net 692928873: Send: friendlist.GetTroopMemberListReq[0m
[0m2021-01-12 21:08:54 V/Net 692928873: Send: friendlist.GetTroopMemberListReq[0m
[0m2021-01-12 21:08:54 V/Net 692928873: Send: friendlist.GetTroopMemberListReq[0m
[0m2021-01-12 21:08:55 V/Net 692928873: Recv: FriendList.GetTroopMemberList.Response[0m
[0m2021-01-12 21:08:55 V/Net 692928873: Recv: FriendList.GetTroopMemberList.Response[0m
[0m2021-01-12 21:08:55 V/Net 692928873: Recv: FriendList.GetTroopMemberList.Response[0m
[0m2021-01-12 21:08:55 V/Net 692928873: Recv: FriendList.GetTroopMemberList.Response[0m
[0m2021-01-12 21:08:55 V/Net 692928873: Send: friendlist.GetTroopMemberListReq[0m
[0m2021-01-12 21:08:55 V/Net 692928873: Recv: FriendList.GetTroopMemberList.Response[0m
[0m2021-01-12 21:08:55 V/Net 692928873: Recv: FriendList.GetTroopMemberList.Response[0m
[0m2021-01-12 21:08:55 V/Net 692928873: Recv: FriendList.GetTroopMemberList.Response[0m
[0m2021-01-12 21:08:55 V/Net 692928873: Recv: FriendList.GetTroopMemberList.Response[0m
[92m2021-01-12 21:08:55 I/Net 692928873: Successfully loaded group list: 7 in total.[0m
[92m2021-01-12 21:08:55 I/Net 692928873: Awaiting ConfigPushSvc.PushReq.[0m
[92m2021-01-12 21:08:55 I/Net 692928873: Syncing friend message history...[0m
[0m2021-01-12 21:08:55 V/Net 692928873: Send: MessageSvc.PbGetMsg[0m
[92m2021-01-12 21:08:55 I/Net 692928873: Syncing friend message history: Success.[0m
[96m2021-01-12 21:08:56 D/Net 692928873: Received unknown commandName: ConfigPushSvc.PushDomain[0m
[0m2021-01-12 21:08:56 V/Net 692928873: Recv: ConfigPushSvc.PushReq.PushReqResponse.Success[0m
[0m2021-01-12 21:08:56 V/Net 692928873: Recv: ConfigPushSvc.PushReq.PushReqResponse.Success[0m
[0m2021-01-12 21:08:56 V/Net 692928873: Send: ConfigPushSvc.PushResp[0m
[0m2021-01-12 21:08:56 V/Net 692928873: Send: ConfigPushSvc.PushResp[0m
[92m2021-01-12 21:08:56 I/Net 692928873: ConfigPushSvc.PushReq: Success.[0m
[92m2021-01-12 21:26:05 I/Net 692928873: Connected to server 114.221.144.215:80[0m
[0m2021-01-12 21:26:05 V/Net 692928873: Send: wtlogin.login[0m
[0m2021-01-12 21:26:06 V/Net 692928873: Recv: LoginPacketResponse.Success[0m
[92m2021-01-12 21:26:06 I/Net 692928873: Login successful[0m
[0m2021-01-12 21:26:06 V/Net 692928873: Send: StatSvc.register[0m
[0m2021-01-12 21:26:06 V/Net 692928873: Recv: Response(StatSvc.register)[0m
[0m2021-01-12 21:26:06 V/Net 692928873: Send: StatSvc.GetDevLoginInfo[0m
[0m2021-01-12 21:26:06 V/Net 692928873: Recv: StatSvc.GetDevLoginInfo.Response(deviceList.size=1)[0m
[92m2021-01-12 21:26:06 I/Net 692928873: Start loading friend list...[0m
[92m2021-01-12 21:26:06 I/Net 692928873: Start loading group list...[0m
[0m2021-01-12 21:26:06 V/Net 692928873: Send: friendlist.GetTroopListReqV2[0m
[0m2021-01-12 21:26:06 V/Net 692928873: Send: friendlist.getFriendGroupList[0m
[0m2021-01-12 21:26:07 V/Net 692928873: Recv: FriendList.GetFriendGroupList.Response[0m
[0m2021-01-12 21:26:07 V/Net 692928873: Send: friendlist.GetTroopMemberListReq[0m
[0m2021-01-12 21:26:07 V/Net 692928873: Send: friendlist.GetTroopMemberListReq[0m
[0m2021-01-12 21:26:07 V/Net 692928873: Send: friendlist.GetTroopMemberListReq[0m
[0m2021-01-12 21:26:07 V/Net 692928873: Send: friendlist.GetTroopMemberListReq[0m
[0m2021-01-12 21:26:07 V/Net 692928873: Send: friendlist.GetTroopMemberListReq[0m
[0m2021-01-12 21:26:07 V/Net 692928873: Send: friendlist.GetTroopMemberListReq[0m
[0m2021-01-12 21:26:07 V/Net 692928873: Send: friendlist.GetTroopMemberListReq[0m
[0m2021-01-12 21:26:07 V/Net 692928873: Recv: FriendList.GetFriendGroupList.Response[0m
[0m2021-01-12 21:26:07 V/Net 692928873: Loading friend list: 8/8[0m
[92m2021-01-12 21:26:07 I/Net 692928873: Successfully loaded friend list: 8 in total[0m
[0m2021-01-12 21:26:07 V/Net 692928873: Recv: FriendList.GetTroopMemberList.Response[0m
[0m2021-01-12 21:26:07 V/Net 692928873: Recv: FriendList.GetTroopMemberList.Response[0m
[0m2021-01-12 21:26:07 V/Net 692928873: Recv: FriendList.GetTroopMemberList.Response[0m
[0m2021-01-12 21:26:07 V/Net 692928873: Recv: FriendList.GetTroopMemberList.Response[0m
[0m2021-01-12 21:26:07 V/Net 692928873: Recv: FriendList.GetTroopMemberList.Response[0m
[0m2021-01-12 21:26:07 V/Net 692928873: Recv: FriendList.GetTroopMemberList.Response[0m
[0m2021-01-12 21:26:07 V/Net 692928873: Recv: FriendList.GetTroopMemberList.Response[0m
[0m2021-01-12 21:26:07 V/Net 692928873: Send: friendlist.GetTroopMemberListReq[0m
[0m2021-01-12 21:26:07 V/Net 692928873: Recv: FriendList.GetTroopMemberList.Response[0m
[92m2021-01-12 21:26:07 I/Net 692928873: Successfully loaded group list: 7 in total.[0m
[92m2021-01-12 21:26:07 I/Net 692928873: Awaiting ConfigPushSvc.PushReq.[0m
[92m2021-01-12 21:26:07 I/Net 692928873: Syncing friend message history...[0m
[0m2021-01-12 21:26:07 V/Net 692928873: Send: MessageSvc.PbGetMsg[0m
[92m2021-01-12 21:26:07 I/Net 692928873: Syncing friend message history: Success.[0m
[96m2021-01-12 21:26:09 D/Net 692928873: Received unknown commandName: ConfigPushSvc.PushDomain[0m
[0m2021-01-12 21:26:09 V/Net 692928873: Recv: ConfigPushSvc.PushReq.PushReqResponse.Success[0m
[0m2021-01-12 21:26:09 V/Net 692928873: Recv: ConfigPushSvc.PushReq.PushReqResponse.Success[0m
[0m2021-01-12 21:26:09 V/Net 692928873: Send: ConfigPushSvc.PushResp[0m
[0m2021-01-12 21:26:09 V/Net 692928873: Send: ConfigPushSvc.PushResp[0m
[92m2021-01-12 21:26:09 I/Net 692928873: ConfigPushSvc.PushReq: Success.[0m
